<?xml version="1.0" encoding="utf-8"?>
<CoverageSession xmlns:xsi="http://www.w3.org/2001/XMLSchema-instance" xmlns:xsd="http://www.w3.org/2001/XMLSchema" Version="9.1.2.0">
  <Summary numSequencePoints="1437" visitedSequencePoints="370" numBranchPoints="172" visitedBranchPoints="23" sequenceCoverage="25.7" branchCoverage="13.4" maxCyclomaticComplexity="0" minCyclomaticComplexity="0" maxCrapScore="0" minCrapScore="0" visitedClasses="13" numClasses="32" visitedMethods="56" numMethods="248" />
  <Modules>
    <Module hash="032858ca-6acd-4520-a5f4-ef0fe4585140">
      <Summary numSequencePoints="1208" visitedSequencePoints="147" numBranchPoints="172" visitedBranchPoints="23" sequenceCoverage="12.2" branchCoverage="13.4" maxCyclomaticComplexity="0" minCyclomaticComplexity="0" maxCrapScore="0" minCrapScore="0" visitedClasses="10" numClasses="29" visitedMethods="34" numMethods="226" />
      <ModulePath>B:\Udai\CakeCompanyPortal\CakeCompanyPortal\bin\CakeCompanyPortal.dll</ModulePath>
      <ModuleTime>0001-01-01T00:00:00</ModuleTime>
      <ModuleName>CakeCompanyPortal.dll</ModuleName>
      <Files>
        <File uid="1" fullPath="b:\udai\cakecompanyportal\cakecompanyportal\app_start\bundleconfig.cs" />
        <File uid="2" fullPath="b:\udai\cakecompanyportal\cakecompanyportal\app_start\filterconfig.cs" />
        <File uid="3" fullPath="b:\udai\cakecompanyportal\cakecompanyportal\app_start\routeconfig.cs" />
        <File uid="4" fullPath="b:\udai\cakecompanyportal\cakecompanyportal\cakecompanydatamodel.context.cs" />
        <File uid="5" fullPath="b:\udai\cakecompanyportal\cakecompanyportal\client.cs" />
        <File uid="6" fullPath="b:\udai\cakecompanyportal\cakecompanyportal\global.asax.cs" />
        <File uid="7" fullPath="b:\udai\cakecompanyportal\cakecompanyportal\invoice.cs" />
        <File uid="8" fullPath="b:\udai\cakecompanyportal\cakecompanyportal\order.cs" />
        <File uid="9" fullPath="b:\udai\cakecompanyportal\cakecompanyportal\product.cs" />
        <File uid="10" fullPath="b:\udai\cakecompanyportal\cakecompanyportal\transport.cs" />
        <File uid="11" fullPath="b:\udai\cakecompanyportal\cakecompanyportal\service\cakeshoporderservice.cs" />
        <File uid="12" fullPath="b:\udai\cakecompanyportal\cakecompanyportal\provider\cakeprovider.cs" />
        <File uid="13" fullPath="b:\udai\cakecompanyportal\cakecompanyportal\provider\clientprovider.cs" />
        <File uid="14" fullPath="b:\udai\cakecompanyportal\cakecompanyportal\provider\orderprovider.cs" />
        <File uid="15" fullPath="b:\udai\cakecompanyportal\cakecompanyportal\provider\productprovider.cs" />
        <File uid="16" fullPath="b:\udai\cakecompanyportal\cakecompanyportal\provider\shipmentprovider.cs" />
        <File uid="17" fullPath="b:\udai\cakecompanyportal\cakecompanyportal\provider\transportprovider.cs" />
        <File uid="18" fullPath="b:\udai\cakecompanyportal\cakecompanyportal\models\custommodels.cs" />
        <File uid="19" fullPath="b:\udai\cakecompanyportal\cakecompanyportal\helper\logger.cs" />
        <File uid="20" fullPath="b:\udai\cakecompanyportal\cakecompanyportal\helper\preloadcakedetails.cs" />
        <File uid="21" fullPath="b:\udai\cakecompanyportal\cakecompanyportal\dataaccess\cakedbcontext.cs" />
        <File uid="22" fullPath="b:\udai\cakecompanyportal\cakecompanyportal\dataaccess\genericrepository.cs" />
        <File uid="23" fullPath="b:\udai\cakecompanyportal\cakecompanyportal\dataaccess\unitofwork.cs" />
        <File uid="24" fullPath="b:\udai\cakecompanyportal\cakecompanyportal\controllers\clientcontroller.cs" />
        <File uid="25" fullPath="b:\udai\cakecompanyportal\cakecompanyportal\controllers\invoicecontroller.cs" />
        <File uid="26" fullPath="b:\udai\cakecompanyportal\cakecompanyportal\controllers\ordercontroller.cs" />
        <File uid="27" fullPath="b:\udai\cakecompanyportal\cakecompanyportal\controllers\productcontroller.cs" />
        <File uid="28" fullPath="b:\udai\cakecompanyportal\cakecompanyportal\controllers\transportscontroller.cs" />
        <File uid="29" fullPath="b:\udai\cakecompanyportal\tests\cakecompanyportalunittests\provider\clientprovidertests.cs" />
        <File uid="30" fullPath="b:\udai\cakecompanyportal\tests\cakecompanyportalunittests\provider\cakeprovidertests.cs" />
        <File uid="31" fullPath="b:\udai\cakecompanyportal\tests\cakecompanyportalunittests\provider\shipmentprovidertests.cs" />
      </Files>
      <Classes>
        <Class>
          <Summary numSequencePoints="7" visitedSequencePoints="0" numBranchPoints="0" visitedBranchPoints="0" sequenceCoverage="0" branchCoverage="0" maxCyclomaticComplexity="0" minCyclomaticComplexity="0" maxCrapScore="0" minCrapScore="0" visitedClasses="0" numClasses="0" visitedMethods="0" numMethods="1" />
          <FullName>CakeCompanyPortal.BundleConfig</FullName>
          <Methods>
            <Method visited="false" cyclomaticComplexity="0" nPathComplexity="0" sequenceCoverage="0" branchCoverage="0" crapScore="0" isConstructor="false" isStatic="true" isGetter="false" isSetter="false">
              <Summary numSequencePoints="7" visitedSequencePoints="0" numBranchPoints="0" visitedBranchPoints="0" sequenceCoverage="0" branchCoverage="0" maxCyclomaticComplexity="0" minCyclomaticComplexity="0" maxCrapScore="0" minCrapScore="0" visitedClasses="0" numClasses="0" visitedMethods="0" numMethods="1" />
              <MetadataToken>100663304</MetadataToken>
              <Name>System.Void CakeCompanyPortal.BundleConfig::RegisterBundles(System.Web.Optimization.BundleCollection)</Name>
              <FileRef uid="1" />
              <SequencePoints>
                <SequencePoint vc="0" uspid="0" ordinal="0" offset="0" sl="10" sc="9" el="10" ec="10" bec="0" bev="0" fileid="1" url="B:\Udai\CakeCompanyPortal\CakeCompanyPortal\App_Start\BundleConfig.cs">
                  <BranchPoints />
                </SequencePoint>
                <SequencePoint vc="0" uspid="0" ordinal="1" offset="1" sl="11" sc="13" el="12" ec="59" bec="0" bev="0" fileid="1" url="B:\Udai\CakeCompanyPortal\CakeCompanyPortal\App_Start\BundleConfig.cs">
                  <BranchPoints />
                </SequencePoint>
                <SequencePoint vc="0" uspid="0" ordinal="2" offset="33" sl="14" sc="13" el="15" ec="56" bec="0" bev="0" fileid="1" url="B:\Udai\CakeCompanyPortal\CakeCompanyPortal\App_Start\BundleConfig.cs">
                  <BranchPoints />
                </SequencePoint>
                <SequencePoint vc="0" uspid="0" ordinal="3" offset="65" sl="19" sc="13" el="20" ec="51" bec="0" bev="0" fileid="1" url="B:\Udai\CakeCompanyPortal\CakeCompanyPortal\App_Start\BundleConfig.cs">
                  <BranchPoints />
                </SequencePoint>
                <SequencePoint vc="0" uspid="0" ordinal="4" offset="97" sl="22" sc="13" el="23" ec="50" bec="0" bev="0" fileid="1" url="B:\Udai\CakeCompanyPortal\CakeCompanyPortal\App_Start\BundleConfig.cs">
                  <BranchPoints />
                </SequencePoint>
                <SequencePoint vc="0" uspid="0" ordinal="5" offset="129" sl="25" sc="13" el="27" ec="46" bec="0" bev="0" fileid="1" url="B:\Udai\CakeCompanyPortal\CakeCompanyPortal\App_Start\BundleConfig.cs">
                  <BranchPoints />
                </SequencePoint>
                <SequencePoint vc="0" uspid="0" ordinal="6" offset="173" sl="28" sc="9" el="28" ec="10" bec="0" bev="0" fileid="1" url="B:\Udai\CakeCompanyPortal\CakeCompanyPortal\App_Start\BundleConfig.cs">
                  <BranchPoints />
                </SequencePoint>
              </SequencePoints>
              <BranchPoints />
              <MethodPoint vc="0" uspid="0" ordinal="0" offset="0" />
            </Method>
          </Methods>
        </Class>
        <Class>
          <Summary numSequencePoints="3" visitedSequencePoints="0" numBranchPoints="0" visitedBranchPoints="0" sequenceCoverage="0" branchCoverage="0" maxCyclomaticComplexity="0" minCyclomaticComplexity="0" maxCrapScore="0" minCrapScore="0" visitedClasses="0" numClasses="0" visitedMethods="0" numMethods="1" />
          <FullName>CakeCompanyPortal.FilterConfig</FullName>
          <Methods>
            <Method visited="false" cyclomaticComplexity="0" nPathComplexity="0" sequenceCoverage="0" branchCoverage="0" crapScore="0" isConstructor="false" isStatic="true" isGetter="false" isSetter="false">
              <Summary numSequencePoints="3" visitedSequencePoints="0" numBranchPoints="0" visitedBranchPoints="0" sequenceCoverage="0" branchCoverage="0" maxCyclomaticComplexity="0" minCyclomaticComplexity="0" maxCrapScore="0" minCrapScore="0" visitedClasses="0" numClasses="0" visitedMethods="0" numMethods="1" />
              <MetadataToken>100663306</MetadataToken>
              <Name>System.Void CakeCompanyPortal.FilterConfig::RegisterGlobalFilters(System.Web.Mvc.GlobalFilterCollection)</Name>
              <FileRef uid="2" />
              <SequencePoints>
                <SequencePoint vc="0" uspid="0" ordinal="0" offset="0" sl="9" sc="9" el="9" ec="10" bec="0" bev="0" fileid="2" url="B:\Udai\CakeCompanyPortal\CakeCompanyPortal\App_Start\FilterConfig.cs">
                  <BranchPoints />
                </SequencePoint>
                <SequencePoint vc="0" uspid="0" ordinal="1" offset="1" sl="10" sc="13" el="10" ec="53" bec="0" bev="0" fileid="2" url="B:\Udai\CakeCompanyPortal\CakeCompanyPortal\App_Start\FilterConfig.cs">
                  <BranchPoints />
                </SequencePoint>
                <SequencePoint vc="0" uspid="0" ordinal="2" offset="13" sl="11" sc="9" el="11" ec="10" bec="0" bev="0" fileid="2" url="B:\Udai\CakeCompanyPortal\CakeCompanyPortal\App_Start\FilterConfig.cs">
                  <BranchPoints />
                </SequencePoint>
              </SequencePoints>
              <BranchPoints />
              <MethodPoint vc="0" uspid="0" ordinal="0" offset="0" />
            </Method>
          </Methods>
        </Class>
        <Class>
          <Summary numSequencePoints="4" visitedSequencePoints="0" numBranchPoints="0" visitedBranchPoints="0" sequenceCoverage="0" branchCoverage="0" maxCyclomaticComplexity="0" minCyclomaticComplexity="0" maxCrapScore="0" minCrapScore="0" visitedClasses="0" numClasses="0" visitedMethods="0" numMethods="1" />
          <FullName>CakeCompanyPortal.RouteConfig</FullName>
          <Methods>
            <Method visited="false" cyclomaticComplexity="0" nPathComplexity="0" sequenceCoverage="0" branchCoverage="0" crapScore="0" isConstructor="false" isStatic="true" isGetter="false" isSetter="false">
              <Summary numSequencePoints="4" visitedSequencePoints="0" numBranchPoints="0" visitedBranchPoints="0" sequenceCoverage="0" branchCoverage="0" maxCyclomaticComplexity="0" minCyclomaticComplexity="0" maxCrapScore="0" minCrapScore="0" visitedClasses="0" numClasses="0" visitedMethods="0" numMethods="1" />
              <MetadataToken>100663308</MetadataToken>
              <Name>System.Void CakeCompanyPortal.RouteConfig::RegisterRoutes(System.Web.Routing.RouteCollection)</Name>
              <FileRef uid="3" />
              <SequencePoints>
                <SequencePoint vc="0" uspid="0" ordinal="0" offset="0" sl="13" sc="9" el="13" ec="10" bec="0" bev="0" fileid="3" url="B:\Udai\CakeCompanyPortal\CakeCompanyPortal\App_Start\RouteConfig.cs">
                  <BranchPoints />
                </SequencePoint>
                <SequencePoint vc="0" uspid="0" ordinal="1" offset="1" sl="14" sc="13" el="14" ec="62" bec="0" bev="0" fileid="3" url="B:\Udai\CakeCompanyPortal\CakeCompanyPortal\App_Start\RouteConfig.cs">
                  <BranchPoints />
                </SequencePoint>
                <SequencePoint vc="0" uspid="0" ordinal="2" offset="13" sl="16" sc="13" el="20" ec="15" bec="0" bev="0" fileid="3" url="B:\Udai\CakeCompanyPortal\CakeCompanyPortal\App_Start\RouteConfig.cs">
                  <BranchPoints />
                </SequencePoint>
                <SequencePoint vc="0" uspid="0" ordinal="3" offset="50" sl="21" sc="9" el="21" ec="10" bec="0" bev="0" fileid="3" url="B:\Udai\CakeCompanyPortal\CakeCompanyPortal\App_Start\RouteConfig.cs">
                  <BranchPoints />
                </SequencePoint>
              </SequencePoints>
              <BranchPoints />
              <MethodPoint vc="0" uspid="0" ordinal="0" offset="0" />
            </Method>
          </Methods>
        </Class>
        <Class>
          <Summary numSequencePoints="14" visitedSequencePoints="0" numBranchPoints="0" visitedBranchPoints="0" sequenceCoverage="0" branchCoverage="0" maxCyclomaticComplexity="0" minCyclomaticComplexity="0" maxCrapScore="0" minCrapScore="0" visitedClasses="0" numClasses="0" visitedMethods="0" numMethods="12" />
          <FullName>CakeCompanyPortal.CakeComapnyDBEntities1</FullName>
          <Methods>
            <Method visited="false" cyclomaticComplexity="0" nPathComplexity="0" sequenceCoverage="0" branchCoverage="0" crapScore="0" isConstructor="false" isStatic="false" isGetter="true" isSetter="false">
              <Summary numSequencePoints="1" visitedSequencePoints="0" numBranchPoints="0" visitedBranchPoints="0" sequenceCoverage="0" branchCoverage="0" maxCyclomaticComplexity="0" minCyclomaticComplexity="0" maxCrapScore="0" minCrapScore="0" visitedClasses="0" numClasses="0" visitedMethods="0" numMethods="1" />
              <MetadataToken>100663312</MetadataToken>
              <Name>System.Data.Entity.DbSet`1&lt;CakeCompanyPortal.Client&gt; CakeCompanyPortal.CakeComapnyDBEntities1::get_Clients()</Name>
              <FileRef uid="4" />
              <SequencePoints>
                <SequencePoint vc="0" uspid="0" ordinal="0" offset="0" sl="28" sc="48" el="28" ec="52" bec="0" bev="0" fileid="4" url="B:\Udai\CakeCompanyPortal\CakeCompanyPortal\CakeCompanyDataModel.Context.cs">
                  <BranchPoints />
                </SequencePoint>
              </SequencePoints>
              <BranchPoints />
              <MethodPoint vc="0" uspid="0" ordinal="0" offset="0" />
            </Method>
            <Method visited="false" cyclomaticComplexity="0" nPathComplexity="0" sequenceCoverage="0" branchCoverage="0" crapScore="0" isConstructor="false" isStatic="false" isGetter="false" isSetter="true">
              <Summary numSequencePoints="1" visitedSequencePoints="0" numBranchPoints="0" visitedBranchPoints="0" sequenceCoverage="0" branchCoverage="0" maxCyclomaticComplexity="0" minCyclomaticComplexity="0" maxCrapScore="0" minCrapScore="0" visitedClasses="0" numClasses="0" visitedMethods="0" numMethods="1" />
              <MetadataToken>100663313</MetadataToken>
              <Name>System.Void CakeCompanyPortal.CakeComapnyDBEntities1::set_Clients(System.Data.Entity.DbSet`1&lt;CakeCompanyPortal.Client&gt;)</Name>
              <FileRef uid="4" />
              <SequencePoints>
                <SequencePoint vc="0" uspid="0" ordinal="0" offset="0" sl="28" sc="53" el="28" ec="57" bec="0" bev="0" fileid="4" url="B:\Udai\CakeCompanyPortal\CakeCompanyPortal\CakeCompanyDataModel.Context.cs">
                  <BranchPoints />
                </SequencePoint>
              </SequencePoints>
              <BranchPoints />
              <MethodPoint vc="0" uspid="0" ordinal="0" offset="0" />
            </Method>
            <Method visited="false" cyclomaticComplexity="0" nPathComplexity="0" sequenceCoverage="0" branchCoverage="0" crapScore="0" isConstructor="false" isStatic="false" isGetter="true" isSetter="false">
              <Summary numSequencePoints="1" visitedSequencePoints="0" numBranchPoints="0" visitedBranchPoints="0" sequenceCoverage="0" branchCoverage="0" maxCyclomaticComplexity="0" minCyclomaticComplexity="0" maxCrapScore="0" minCrapScore="0" visitedClasses="0" numClasses="0" visitedMethods="0" numMethods="1" />
              <MetadataToken>100663314</MetadataToken>
              <Name>System.Data.Entity.DbSet`1&lt;CakeCompanyPortal.Invoice&gt; CakeCompanyPortal.CakeComapnyDBEntities1::get_Invoices()</Name>
              <FileRef uid="4" />
              <SequencePoints>
                <SequencePoint vc="0" uspid="0" ordinal="0" offset="0" sl="29" sc="50" el="29" ec="54" bec="0" bev="0" fileid="4" url="B:\Udai\CakeCompanyPortal\CakeCompanyPortal\CakeCompanyDataModel.Context.cs">
                  <BranchPoints />
                </SequencePoint>
              </SequencePoints>
              <BranchPoints />
              <MethodPoint vc="0" uspid="0" ordinal="0" offset="0" />
            </Method>
            <Method visited="false" cyclomaticComplexity="0" nPathComplexity="0" sequenceCoverage="0" branchCoverage="0" crapScore="0" isConstructor="false" isStatic="false" isGetter="false" isSetter="true">
              <Summary numSequencePoints="1" visitedSequencePoints="0" numBranchPoints="0" visitedBranchPoints="0" sequenceCoverage="0" branchCoverage="0" maxCyclomaticComplexity="0" minCyclomaticComplexity="0" maxCrapScore="0" minCrapScore="0" visitedClasses="0" numClasses="0" visitedMethods="0" numMethods="1" />
              <MetadataToken>100663315</MetadataToken>
              <Name>System.Void CakeCompanyPortal.CakeComapnyDBEntities1::set_Invoices(System.Data.Entity.DbSet`1&lt;CakeCompanyPortal.Invoice&gt;)</Name>
              <FileRef uid="4" />
              <SequencePoints>
                <SequencePoint vc="0" uspid="0" ordinal="0" offset="0" sl="29" sc="55" el="29" ec="59" bec="0" bev="0" fileid="4" url="B:\Udai\CakeCompanyPortal\CakeCompanyPortal\CakeCompanyDataModel.Context.cs">
                  <BranchPoints />
                </SequencePoint>
              </SequencePoints>
              <BranchPoints />
              <MethodPoint vc="0" uspid="0" ordinal="0" offset="0" />
            </Method>
            <Method visited="false" cyclomaticComplexity="0" nPathComplexity="0" sequenceCoverage="0" branchCoverage="0" crapScore="0" isConstructor="false" isStatic="false" isGetter="true" isSetter="false">
              <Summary numSequencePoints="1" visitedSequencePoints="0" numBranchPoints="0" visitedBranchPoints="0" sequenceCoverage="0" branchCoverage="0" maxCyclomaticComplexity="0" minCyclomaticComplexity="0" maxCrapScore="0" minCrapScore="0" visitedClasses="0" numClasses="0" visitedMethods="0" numMethods="1" />
              <MetadataToken>100663316</MetadataToken>
              <Name>System.Data.Entity.DbSet`1&lt;CakeCompanyPortal.Order&gt; CakeCompanyPortal.CakeComapnyDBEntities1::get_Orders()</Name>
              <FileRef uid="4" />
              <SequencePoints>
                <SequencePoint vc="0" uspid="0" ordinal="0" offset="0" sl="30" sc="46" el="30" ec="50" bec="0" bev="0" fileid="4" url="B:\Udai\CakeCompanyPortal\CakeCompanyPortal\CakeCompanyDataModel.Context.cs">
                  <BranchPoints />
                </SequencePoint>
              </SequencePoints>
              <BranchPoints />
              <MethodPoint vc="0" uspid="0" ordinal="0" offset="0" />
            </Method>
            <Method visited="false" cyclomaticComplexity="0" nPathComplexity="0" sequenceCoverage="0" branchCoverage="0" crapScore="0" isConstructor="false" isStatic="false" isGetter="false" isSetter="true">
              <Summary numSequencePoints="1" visitedSequencePoints="0" numBranchPoints="0" visitedBranchPoints="0" sequenceCoverage="0" branchCoverage="0" maxCyclomaticComplexity="0" minCyclomaticComplexity="0" maxCrapScore="0" minCrapScore="0" visitedClasses="0" numClasses="0" visitedMethods="0" numMethods="1" />
              <MetadataToken>100663317</MetadataToken>
              <Name>System.Void CakeCompanyPortal.CakeComapnyDBEntities1::set_Orders(System.Data.Entity.DbSet`1&lt;CakeCompanyPortal.Order&gt;)</Name>
              <FileRef uid="4" />
              <SequencePoints>
                <SequencePoint vc="0" uspid="0" ordinal="0" offset="0" sl="30" sc="51" el="30" ec="55" bec="0" bev="0" fileid="4" url="B:\Udai\CakeCompanyPortal\CakeCompanyPortal\CakeCompanyDataModel.Context.cs">
                  <BranchPoints />
                </SequencePoint>
              </SequencePoints>
              <BranchPoints />
              <MethodPoint vc="0" uspid="0" ordinal="0" offset="0" />
            </Method>
            <Method visited="false" cyclomaticComplexity="0" nPathComplexity="0" sequenceCoverage="0" branchCoverage="0" crapScore="0" isConstructor="false" isStatic="false" isGetter="true" isSetter="false">
              <Summary numSequencePoints="1" visitedSequencePoints="0" numBranchPoints="0" visitedBranchPoints="0" sequenceCoverage="0" branchCoverage="0" maxCyclomaticComplexity="0" minCyclomaticComplexity="0" maxCrapScore="0" minCrapScore="0" visitedClasses="0" numClasses="0" visitedMethods="0" numMethods="1" />
              <MetadataToken>100663318</MetadataToken>
              <Name>System.Data.Entity.DbSet`1&lt;CakeCompanyPortal.Product&gt; CakeCompanyPortal.CakeComapnyDBEntities1::get_Products()</Name>
              <FileRef uid="4" />
              <SequencePoints>
                <SequencePoint vc="0" uspid="0" ordinal="0" offset="0" sl="31" sc="50" el="31" ec="54" bec="0" bev="0" fileid="4" url="B:\Udai\CakeCompanyPortal\CakeCompanyPortal\CakeCompanyDataModel.Context.cs">
                  <BranchPoints />
                </SequencePoint>
              </SequencePoints>
              <BranchPoints />
              <MethodPoint vc="0" uspid="0" ordinal="0" offset="0" />
            </Method>
            <Method visited="false" cyclomaticComplexity="0" nPathComplexity="0" sequenceCoverage="0" branchCoverage="0" crapScore="0" isConstructor="false" isStatic="false" isGetter="false" isSetter="true">
              <Summary numSequencePoints="1" visitedSequencePoints="0" numBranchPoints="0" visitedBranchPoints="0" sequenceCoverage="0" branchCoverage="0" maxCyclomaticComplexity="0" minCyclomaticComplexity="0" maxCrapScore="0" minCrapScore="0" visitedClasses="0" numClasses="0" visitedMethods="0" numMethods="1" />
              <MetadataToken>100663319</MetadataToken>
              <Name>System.Void CakeCompanyPortal.CakeComapnyDBEntities1::set_Products(System.Data.Entity.DbSet`1&lt;CakeCompanyPortal.Product&gt;)</Name>
              <FileRef uid="4" />
              <SequencePoints>
                <SequencePoint vc="0" uspid="0" ordinal="0" offset="0" sl="31" sc="55" el="31" ec="59" bec="0" bev="0" fileid="4" url="B:\Udai\CakeCompanyPortal\CakeCompanyPortal\CakeCompanyDataModel.Context.cs">
                  <BranchPoints />
                </SequencePoint>
              </SequencePoints>
              <BranchPoints />
              <MethodPoint vc="0" uspid="0" ordinal="0" offset="0" />
            </Method>
            <Method visited="false" cyclomaticComplexity="0" nPathComplexity="0" sequenceCoverage="0" branchCoverage="0" crapScore="0" isConstructor="false" isStatic="false" isGetter="true" isSetter="false">
              <Summary numSequencePoints="1" visitedSequencePoints="0" numBranchPoints="0" visitedBranchPoints="0" sequenceCoverage="0" branchCoverage="0" maxCyclomaticComplexity="0" minCyclomaticComplexity="0" maxCrapScore="0" minCrapScore="0" visitedClasses="0" numClasses="0" visitedMethods="0" numMethods="1" />
              <MetadataToken>100663320</MetadataToken>
              <Name>System.Data.Entity.DbSet`1&lt;CakeCompanyPortal.Transport&gt; CakeCompanyPortal.CakeComapnyDBEntities1::get_Transports()</Name>
              <FileRef uid="4" />
              <SequencePoints>
                <SequencePoint vc="0" uspid="0" ordinal="0" offset="0" sl="32" sc="54" el="32" ec="58" bec="0" bev="0" fileid="4" url="B:\Udai\CakeCompanyPortal\CakeCompanyPortal\CakeCompanyDataModel.Context.cs">
                  <BranchPoints />
                </SequencePoint>
              </SequencePoints>
              <BranchPoints />
              <MethodPoint vc="0" uspid="0" ordinal="0" offset="0" />
            </Method>
            <Method visited="false" cyclomaticComplexity="0" nPathComplexity="0" sequenceCoverage="0" branchCoverage="0" crapScore="0" isConstructor="false" isStatic="false" isGetter="false" isSetter="true">
              <Summary numSequencePoints="1" visitedSequencePoints="0" numBranchPoints="0" visitedBranchPoints="0" sequenceCoverage="0" branchCoverage="0" maxCyclomaticComplexity="0" minCyclomaticComplexity="0" maxCrapScore="0" minCrapScore="0" visitedClasses="0" numClasses="0" visitedMethods="0" numMethods="1" />
              <MetadataToken>100663321</MetadataToken>
              <Name>System.Void CakeCompanyPortal.CakeComapnyDBEntities1::set_Transports(System.Data.Entity.DbSet`1&lt;CakeCompanyPortal.Transport&gt;)</Name>
              <FileRef uid="4" />
              <SequencePoints>
                <SequencePoint vc="0" uspid="0" ordinal="0" offset="0" sl="32" sc="59" el="32" ec="63" bec="0" bev="0" fileid="4" url="B:\Udai\CakeCompanyPortal\CakeCompanyPortal\CakeCompanyDataModel.Context.cs">
                  <BranchPoints />
                </SequencePoint>
              </SequencePoints>
              <BranchPoints />
              <MethodPoint vc="0" uspid="0" ordinal="0" offset="0" />
            </Method>
            <Method visited="false" cyclomaticComplexity="0" nPathComplexity="0" sequenceCoverage="0" branchCoverage="0" crapScore="0" isConstructor="true" isStatic="false" isGetter="false" isSetter="false">
              <Summary numSequencePoints="2" visitedSequencePoints="0" numBranchPoints="0" visitedBranchPoints="0" sequenceCoverage="0" branchCoverage="0" maxCyclomaticComplexity="0" minCyclomaticComplexity="0" maxCrapScore="0" minCrapScore="0" visitedClasses="0" numClasses="0" visitedMethods="0" numMethods="1" />
              <MetadataToken>100663310</MetadataToken>
              <Name>System.Void CakeCompanyPortal.CakeComapnyDBEntities1::.ctor()</Name>
              <FileRef uid="4" />
              <SequencePoints>
                <SequencePoint vc="0" uspid="0" ordinal="0" offset="12" sl="20" sc="9" el="20" ec="10" bec="0" bev="0" fileid="4" url="B:\Udai\CakeCompanyPortal\CakeCompanyPortal\CakeCompanyDataModel.Context.cs">
                  <BranchPoints />
                </SequencePoint>
                <SequencePoint vc="0" uspid="0" ordinal="1" offset="13" sl="21" sc="9" el="21" ec="10" bec="0" bev="0" fileid="4" url="B:\Udai\CakeCompanyPortal\CakeCompanyPortal\CakeCompanyDataModel.Context.cs">
                  <BranchPoints />
                </SequencePoint>
              </SequencePoints>
              <BranchPoints />
              <MethodPoint vc="0" uspid="0" ordinal="0" offset="12" />
            </Method>
            <Method visited="false" cyclomaticComplexity="0" nPathComplexity="0" sequenceCoverage="0" branchCoverage="0" crapScore="0" isConstructor="false" isStatic="false" isGetter="false" isSetter="false">
              <Summary numSequencePoints="2" visitedSequencePoints="0" numBranchPoints="0" visitedBranchPoints="0" sequenceCoverage="0" branchCoverage="0" maxCyclomaticComplexity="0" minCyclomaticComplexity="0" maxCrapScore="0" minCrapScore="0" visitedClasses="0" numClasses="0" visitedMethods="0" numMethods="1" />
              <MetadataToken>100663311</MetadataToken>
              <Name>System.Void CakeCompanyPortal.CakeComapnyDBEntities1::OnModelCreating(System.Data.Entity.DbModelBuilder)</Name>
              <FileRef uid="4" />
              <SequencePoints>
                <SequencePoint vc="0" uspid="0" ordinal="0" offset="0" sl="24" sc="9" el="24" ec="10" bec="0" bev="0" fileid="4" url="B:\Udai\CakeCompanyPortal\CakeCompanyPortal\CakeCompanyDataModel.Context.cs">
                  <BranchPoints />
                </SequencePoint>
                <SequencePoint vc="0" uspid="0" ordinal="1" offset="1" sl="25" sc="13" el="25" ec="57" bec="0" bev="0" fileid="4" url="B:\Udai\CakeCompanyPortal\CakeCompanyPortal\CakeCompanyDataModel.Context.cs">
                  <BranchPoints />
                </SequencePoint>
              </SequencePoints>
              <BranchPoints />
              <MethodPoint vc="0" uspid="0" ordinal="0" offset="0" />
            </Method>
          </Methods>
        </Class>
        <Class>
          <Summary numSequencePoints="18" visitedSequencePoints="2" numBranchPoints="0" visitedBranchPoints="0" sequenceCoverage="11.1" branchCoverage="100" maxCyclomaticComplexity="0" minCyclomaticComplexity="0" maxCrapScore="0" minCrapScore="0" visitedClasses="1" numClasses="0" visitedMethods="2" numMethods="18" />
          <FullName>CakeCompanyPortal.Client</FullName>
          <Methods>
            <Method visited="true" cyclomaticComplexity="0" nPathComplexity="0" sequenceCoverage="100" branchCoverage="100" crapScore="0" isConstructor="false" isStatic="false" isGetter="true" isSetter="false">
              <Summary numSequencePoints="1" visitedSequencePoints="1" numBranchPoints="0" visitedBranchPoints="0" sequenceCoverage="100" branchCoverage="100" maxCyclomaticComplexity="0" minCyclomaticComplexity="0" maxCrapScore="0" minCrapScore="0" visitedClasses="0" numClasses="0" visitedMethods="0" numMethods="1" />
              <MetadataToken>100663322</MetadataToken>
              <Name>System.Int32 CakeCompanyPortal.Client::get_ClientId()</Name>
              <FileRef uid="5" />
              <SequencePoints>
                <SequencePoint vc="1" uspid="0" ordinal="0" offset="0" sl="17" sc="31" el="17" ec="35" bec="0" bev="0" fileid="5" url="B:\Udai\CakeCompanyPortal\CakeCompanyPortal\Client.cs">
                  <BranchPoints />
                </SequencePoint>
              </SequencePoints>
              <BranchPoints />
              <MethodPoint vc="1" uspid="0" ordinal="0" offset="0" />
            </Method>
            <Method visited="true" cyclomaticComplexity="0" nPathComplexity="0" sequenceCoverage="100" branchCoverage="100" crapScore="0" isConstructor="false" isStatic="false" isGetter="false" isSetter="true">
              <Summary numSequencePoints="1" visitedSequencePoints="1" numBranchPoints="0" visitedBranchPoints="0" sequenceCoverage="100" branchCoverage="100" maxCyclomaticComplexity="0" minCyclomaticComplexity="0" maxCrapScore="0" minCrapScore="0" visitedClasses="0" numClasses="0" visitedMethods="0" numMethods="1" />
              <MetadataToken>100663323</MetadataToken>
              <Name>System.Void CakeCompanyPortal.Client::set_ClientId(System.Int32)</Name>
              <FileRef uid="5" />
              <SequencePoints>
                <SequencePoint vc="1" uspid="0" ordinal="0" offset="0" sl="17" sc="36" el="17" ec="40" bec="0" bev="0" fileid="5" url="B:\Udai\CakeCompanyPortal\CakeCompanyPortal\Client.cs">
                  <BranchPoints />
                </SequencePoint>
              </SequencePoints>
              <BranchPoints />
              <MethodPoint vc="1" uspid="0" ordinal="0" offset="0" />
            </Method>
            <Method visited="false" cyclomaticComplexity="0" nPathComplexity="0" sequenceCoverage="0" branchCoverage="0" crapScore="0" isConstructor="false" isStatic="false" isGetter="true" isSetter="false">
              <Summary numSequencePoints="1" visitedSequencePoints="0" numBranchPoints="0" visitedBranchPoints="0" sequenceCoverage="0" branchCoverage="0" maxCyclomaticComplexity="0" minCyclomaticComplexity="0" maxCrapScore="0" minCrapScore="0" visitedClasses="0" numClasses="0" visitedMethods="0" numMethods="1" />
              <MetadataToken>100663324</MetadataToken>
              <Name>System.String CakeCompanyPortal.Client::get_FirstName()</Name>
              <FileRef uid="5" />
              <SequencePoints>
                <SequencePoint vc="0" uspid="0" ordinal="0" offset="0" sl="18" sc="35" el="18" ec="39" bec="0" bev="0" fileid="5" url="B:\Udai\CakeCompanyPortal\CakeCompanyPortal\Client.cs">
                  <BranchPoints />
                </SequencePoint>
              </SequencePoints>
              <BranchPoints />
              <MethodPoint vc="0" uspid="0" ordinal="0" offset="0" />
            </Method>
            <Method visited="false" cyclomaticComplexity="0" nPathComplexity="0" sequenceCoverage="0" branchCoverage="0" crapScore="0" isConstructor="false" isStatic="false" isGetter="false" isSetter="true">
              <Summary numSequencePoints="1" visitedSequencePoints="0" numBranchPoints="0" visitedBranchPoints="0" sequenceCoverage="0" branchCoverage="0" maxCyclomaticComplexity="0" minCyclomaticComplexity="0" maxCrapScore="0" minCrapScore="0" visitedClasses="0" numClasses="0" visitedMethods="0" numMethods="1" />
              <MetadataToken>100663325</MetadataToken>
              <Name>System.Void CakeCompanyPortal.Client::set_FirstName(System.String)</Name>
              <FileRef uid="5" />
              <SequencePoints>
                <SequencePoint vc="0" uspid="0" ordinal="0" offset="0" sl="18" sc="40" el="18" ec="44" bec="0" bev="0" fileid="5" url="B:\Udai\CakeCompanyPortal\CakeCompanyPortal\Client.cs">
                  <BranchPoints />
                </SequencePoint>
              </SequencePoints>
              <BranchPoints />
              <MethodPoint vc="0" uspid="0" ordinal="0" offset="0" />
            </Method>
            <Method visited="false" cyclomaticComplexity="0" nPathComplexity="0" sequenceCoverage="0" branchCoverage="0" crapScore="0" isConstructor="false" isStatic="false" isGetter="true" isSetter="false">
              <Summary numSequencePoints="1" visitedSequencePoints="0" numBranchPoints="0" visitedBranchPoints="0" sequenceCoverage="0" branchCoverage="0" maxCyclomaticComplexity="0" minCyclomaticComplexity="0" maxCrapScore="0" minCrapScore="0" visitedClasses="0" numClasses="0" visitedMethods="0" numMethods="1" />
              <MetadataToken>100663326</MetadataToken>
              <Name>System.String CakeCompanyPortal.Client::get_LastName()</Name>
              <FileRef uid="5" />
              <SequencePoints>
                <SequencePoint vc="0" uspid="0" ordinal="0" offset="0" sl="19" sc="34" el="19" ec="38" bec="0" bev="0" fileid="5" url="B:\Udai\CakeCompanyPortal\CakeCompanyPortal\Client.cs">
                  <BranchPoints />
                </SequencePoint>
              </SequencePoints>
              <BranchPoints />
              <MethodPoint vc="0" uspid="0" ordinal="0" offset="0" />
            </Method>
            <Method visited="false" cyclomaticComplexity="0" nPathComplexity="0" sequenceCoverage="0" branchCoverage="0" crapScore="0" isConstructor="false" isStatic="false" isGetter="false" isSetter="true">
              <Summary numSequencePoints="1" visitedSequencePoints="0" numBranchPoints="0" visitedBranchPoints="0" sequenceCoverage="0" branchCoverage="0" maxCyclomaticComplexity="0" minCyclomaticComplexity="0" maxCrapScore="0" minCrapScore="0" visitedClasses="0" numClasses="0" visitedMethods="0" numMethods="1" />
              <MetadataToken>100663327</MetadataToken>
              <Name>System.Void CakeCompanyPortal.Client::set_LastName(System.String)</Name>
              <FileRef uid="5" />
              <SequencePoints>
                <SequencePoint vc="0" uspid="0" ordinal="0" offset="0" sl="19" sc="39" el="19" ec="43" bec="0" bev="0" fileid="5" url="B:\Udai\CakeCompanyPortal\CakeCompanyPortal\Client.cs">
                  <BranchPoints />
                </SequencePoint>
              </SequencePoints>
              <BranchPoints />
              <MethodPoint vc="0" uspid="0" ordinal="0" offset="0" />
            </Method>
            <Method visited="false" cyclomaticComplexity="0" nPathComplexity="0" sequenceCoverage="0" branchCoverage="0" crapScore="0" isConstructor="false" isStatic="false" isGetter="true" isSetter="false">
              <Summary numSequencePoints="1" visitedSequencePoints="0" numBranchPoints="0" visitedBranchPoints="0" sequenceCoverage="0" branchCoverage="0" maxCyclomaticComplexity="0" minCyclomaticComplexity="0" maxCrapScore="0" minCrapScore="0" visitedClasses="0" numClasses="0" visitedMethods="0" numMethods="1" />
              <MetadataToken>100663328</MetadataToken>
              <Name>System.String CakeCompanyPortal.Client::get_Address()</Name>
              <FileRef uid="5" />
              <SequencePoints>
                <SequencePoint vc="0" uspid="0" ordinal="0" offset="0" sl="20" sc="33" el="20" ec="37" bec="0" bev="0" fileid="5" url="B:\Udai\CakeCompanyPortal\CakeCompanyPortal\Client.cs">
                  <BranchPoints />
                </SequencePoint>
              </SequencePoints>
              <BranchPoints />
              <MethodPoint vc="0" uspid="0" ordinal="0" offset="0" />
            </Method>
            <Method visited="false" cyclomaticComplexity="0" nPathComplexity="0" sequenceCoverage="0" branchCoverage="0" crapScore="0" isConstructor="false" isStatic="false" isGetter="false" isSetter="true">
              <Summary numSequencePoints="1" visitedSequencePoints="0" numBranchPoints="0" visitedBranchPoints="0" sequenceCoverage="0" branchCoverage="0" maxCyclomaticComplexity="0" minCyclomaticComplexity="0" maxCrapScore="0" minCrapScore="0" visitedClasses="0" numClasses="0" visitedMethods="0" numMethods="1" />
              <MetadataToken>100663329</MetadataToken>
              <Name>System.Void CakeCompanyPortal.Client::set_Address(System.String)</Name>
              <FileRef uid="5" />
              <SequencePoints>
                <SequencePoint vc="0" uspid="0" ordinal="0" offset="0" sl="20" sc="38" el="20" ec="42" bec="0" bev="0" fileid="5" url="B:\Udai\CakeCompanyPortal\CakeCompanyPortal\Client.cs">
                  <BranchPoints />
                </SequencePoint>
              </SequencePoints>
              <BranchPoints />
              <MethodPoint vc="0" uspid="0" ordinal="0" offset="0" />
            </Method>
            <Method visited="false" cyclomaticComplexity="0" nPathComplexity="0" sequenceCoverage="0" branchCoverage="0" crapScore="0" isConstructor="false" isStatic="false" isGetter="true" isSetter="false">
              <Summary numSequencePoints="1" visitedSequencePoints="0" numBranchPoints="0" visitedBranchPoints="0" sequenceCoverage="0" branchCoverage="0" maxCyclomaticComplexity="0" minCyclomaticComplexity="0" maxCrapScore="0" minCrapScore="0" visitedClasses="0" numClasses="0" visitedMethods="0" numMethods="1" />
              <MetadataToken>100663330</MetadataToken>
              <Name>System.String CakeCompanyPortal.Client::get_Phone()</Name>
              <FileRef uid="5" />
              <SequencePoints>
                <SequencePoint vc="0" uspid="0" ordinal="0" offset="0" sl="21" sc="31" el="21" ec="35" bec="0" bev="0" fileid="5" url="B:\Udai\CakeCompanyPortal\CakeCompanyPortal\Client.cs">
                  <BranchPoints />
                </SequencePoint>
              </SequencePoints>
              <BranchPoints />
              <MethodPoint vc="0" uspid="0" ordinal="0" offset="0" />
            </Method>
            <Method visited="false" cyclomaticComplexity="0" nPathComplexity="0" sequenceCoverage="0" branchCoverage="0" crapScore="0" isConstructor="false" isStatic="false" isGetter="false" isSetter="true">
              <Summary numSequencePoints="1" visitedSequencePoints="0" numBranchPoints="0" visitedBranchPoints="0" sequenceCoverage="0" branchCoverage="0" maxCyclomaticComplexity="0" minCyclomaticComplexity="0" maxCrapScore="0" minCrapScore="0" visitedClasses="0" numClasses="0" visitedMethods="0" numMethods="1" />
              <MetadataToken>100663331</MetadataToken>
              <Name>System.Void CakeCompanyPortal.Client::set_Phone(System.String)</Name>
              <FileRef uid="5" />
              <SequencePoints>
                <SequencePoint vc="0" uspid="0" ordinal="0" offset="0" sl="21" sc="36" el="21" ec="40" bec="0" bev="0" fileid="5" url="B:\Udai\CakeCompanyPortal\CakeCompanyPortal\Client.cs">
                  <BranchPoints />
                </SequencePoint>
              </SequencePoints>
              <BranchPoints />
              <MethodPoint vc="0" uspid="0" ordinal="0" offset="0" />
            </Method>
            <Method visited="false" cyclomaticComplexity="0" nPathComplexity="0" sequenceCoverage="0" branchCoverage="0" crapScore="0" isConstructor="false" isStatic="false" isGetter="true" isSetter="false">
              <Summary numSequencePoints="1" visitedSequencePoints="0" numBranchPoints="0" visitedBranchPoints="0" sequenceCoverage="0" branchCoverage="0" maxCyclomaticComplexity="0" minCyclomaticComplexity="0" maxCrapScore="0" minCrapScore="0" visitedClasses="0" numClasses="0" visitedMethods="0" numMethods="1" />
              <MetadataToken>100663332</MetadataToken>
              <Name>System.String CakeCompanyPortal.Client::get_Email()</Name>
              <FileRef uid="5" />
              <SequencePoints>
                <SequencePoint vc="0" uspid="0" ordinal="0" offset="0" sl="22" sc="31" el="22" ec="35" bec="0" bev="0" fileid="5" url="B:\Udai\CakeCompanyPortal\CakeCompanyPortal\Client.cs">
                  <BranchPoints />
                </SequencePoint>
              </SequencePoints>
              <BranchPoints />
              <MethodPoint vc="0" uspid="0" ordinal="0" offset="0" />
            </Method>
            <Method visited="false" cyclomaticComplexity="0" nPathComplexity="0" sequenceCoverage="0" branchCoverage="0" crapScore="0" isConstructor="false" isStatic="false" isGetter="false" isSetter="true">
              <Summary numSequencePoints="1" visitedSequencePoints="0" numBranchPoints="0" visitedBranchPoints="0" sequenceCoverage="0" branchCoverage="0" maxCyclomaticComplexity="0" minCyclomaticComplexity="0" maxCrapScore="0" minCrapScore="0" visitedClasses="0" numClasses="0" visitedMethods="0" numMethods="1" />
              <MetadataToken>100663333</MetadataToken>
              <Name>System.Void CakeCompanyPortal.Client::set_Email(System.String)</Name>
              <FileRef uid="5" />
              <SequencePoints>
                <SequencePoint vc="0" uspid="0" ordinal="0" offset="0" sl="22" sc="36" el="22" ec="40" bec="0" bev="0" fileid="5" url="B:\Udai\CakeCompanyPortal\CakeCompanyPortal\Client.cs">
                  <BranchPoints />
                </SequencePoint>
              </SequencePoints>
              <BranchPoints />
              <MethodPoint vc="0" uspid="0" ordinal="0" offset="0" />
            </Method>
            <Method visited="false" cyclomaticComplexity="0" nPathComplexity="0" sequenceCoverage="0" branchCoverage="0" crapScore="0" isConstructor="false" isStatic="false" isGetter="true" isSetter="false">
              <Summary numSequencePoints="1" visitedSequencePoints="0" numBranchPoints="0" visitedBranchPoints="0" sequenceCoverage="0" branchCoverage="0" maxCyclomaticComplexity="0" minCyclomaticComplexity="0" maxCrapScore="0" minCrapScore="0" visitedClasses="0" numClasses="0" visitedMethods="0" numMethods="1" />
              <MetadataToken>100663334</MetadataToken>
              <Name>System.String CakeCompanyPortal.Client::get_HasCreditLimit()</Name>
              <FileRef uid="5" />
              <SequencePoints>
                <SequencePoint vc="0" uspid="0" ordinal="0" offset="0" sl="23" sc="40" el="23" ec="44" bec="0" bev="0" fileid="5" url="B:\Udai\CakeCompanyPortal\CakeCompanyPortal\Client.cs">
                  <BranchPoints />
                </SequencePoint>
              </SequencePoints>
              <BranchPoints />
              <MethodPoint vc="0" uspid="0" ordinal="0" offset="0" />
            </Method>
            <Method visited="false" cyclomaticComplexity="0" nPathComplexity="0" sequenceCoverage="0" branchCoverage="0" crapScore="0" isConstructor="false" isStatic="false" isGetter="false" isSetter="true">
              <Summary numSequencePoints="1" visitedSequencePoints="0" numBranchPoints="0" visitedBranchPoints="0" sequenceCoverage="0" branchCoverage="0" maxCyclomaticComplexity="0" minCyclomaticComplexity="0" maxCrapScore="0" minCrapScore="0" visitedClasses="0" numClasses="0" visitedMethods="0" numMethods="1" />
              <MetadataToken>100663335</MetadataToken>
              <Name>System.Void CakeCompanyPortal.Client::set_HasCreditLimit(System.String)</Name>
              <FileRef uid="5" />
              <SequencePoints>
                <SequencePoint vc="0" uspid="0" ordinal="0" offset="0" sl="23" sc="45" el="23" ec="49" bec="0" bev="0" fileid="5" url="B:\Udai\CakeCompanyPortal\CakeCompanyPortal\Client.cs">
                  <BranchPoints />
                </SequencePoint>
              </SequencePoints>
              <BranchPoints />
              <MethodPoint vc="0" uspid="0" ordinal="0" offset="0" />
            </Method>
            <Method visited="false" cyclomaticComplexity="0" nPathComplexity="0" sequenceCoverage="0" branchCoverage="0" crapScore="0" isConstructor="false" isStatic="false" isGetter="true" isSetter="false">
              <Summary numSequencePoints="1" visitedSequencePoints="0" numBranchPoints="0" visitedBranchPoints="0" sequenceCoverage="0" branchCoverage="0" maxCyclomaticComplexity="0" minCyclomaticComplexity="0" maxCrapScore="0" minCrapScore="0" visitedClasses="0" numClasses="0" visitedMethods="0" numMethods="1" />
              <MetadataToken>100663336</MetadataToken>
              <Name>System.String CakeCompanyPortal.Client::get_IsSuccessful()</Name>
              <FileRef uid="5" />
              <SequencePoints>
                <SequencePoint vc="0" uspid="0" ordinal="0" offset="0" sl="24" sc="38" el="24" ec="42" bec="0" bev="0" fileid="5" url="B:\Udai\CakeCompanyPortal\CakeCompanyPortal\Client.cs">
                  <BranchPoints />
                </SequencePoint>
              </SequencePoints>
              <BranchPoints />
              <MethodPoint vc="0" uspid="0" ordinal="0" offset="0" />
            </Method>
            <Method visited="false" cyclomaticComplexity="0" nPathComplexity="0" sequenceCoverage="0" branchCoverage="0" crapScore="0" isConstructor="false" isStatic="false" isGetter="false" isSetter="true">
              <Summary numSequencePoints="1" visitedSequencePoints="0" numBranchPoints="0" visitedBranchPoints="0" sequenceCoverage="0" branchCoverage="0" maxCyclomaticComplexity="0" minCyclomaticComplexity="0" maxCrapScore="0" minCrapScore="0" visitedClasses="0" numClasses="0" visitedMethods="0" numMethods="1" />
              <MetadataToken>100663337</MetadataToken>
              <Name>System.Void CakeCompanyPortal.Client::set_IsSuccessful(System.String)</Name>
              <FileRef uid="5" />
              <SequencePoints>
                <SequencePoint vc="0" uspid="0" ordinal="0" offset="0" sl="24" sc="43" el="24" ec="47" bec="0" bev="0" fileid="5" url="B:\Udai\CakeCompanyPortal\CakeCompanyPortal\Client.cs">
                  <BranchPoints />
                </SequencePoint>
              </SequencePoints>
              <BranchPoints />
              <MethodPoint vc="0" uspid="0" ordinal="0" offset="0" />
            </Method>
            <Method visited="false" cyclomaticComplexity="0" nPathComplexity="0" sequenceCoverage="0" branchCoverage="0" crapScore="0" isConstructor="false" isStatic="false" isGetter="true" isSetter="false">
              <Summary numSequencePoints="1" visitedSequencePoints="0" numBranchPoints="0" visitedBranchPoints="0" sequenceCoverage="0" branchCoverage="0" maxCyclomaticComplexity="0" minCyclomaticComplexity="0" maxCrapScore="0" minCrapScore="0" visitedClasses="0" numClasses="0" visitedMethods="0" numMethods="1" />
              <MetadataToken>100663338</MetadataToken>
              <Name>System.Nullable`1&lt;System.DateTime&gt; CakeCompanyPortal.Client::get_CreatedDate()</Name>
              <FileRef uid="5" />
              <SequencePoints>
                <SequencePoint vc="0" uspid="0" ordinal="0" offset="0" sl="25" sc="56" el="25" ec="60" bec="0" bev="0" fileid="5" url="B:\Udai\CakeCompanyPortal\CakeCompanyPortal\Client.cs">
                  <BranchPoints />
                </SequencePoint>
              </SequencePoints>
              <BranchPoints />
              <MethodPoint vc="0" uspid="0" ordinal="0" offset="0" />
            </Method>
            <Method visited="false" cyclomaticComplexity="0" nPathComplexity="0" sequenceCoverage="0" branchCoverage="0" crapScore="0" isConstructor="false" isStatic="false" isGetter="false" isSetter="true">
              <Summary numSequencePoints="1" visitedSequencePoints="0" numBranchPoints="0" visitedBranchPoints="0" sequenceCoverage="0" branchCoverage="0" maxCyclomaticComplexity="0" minCyclomaticComplexity="0" maxCrapScore="0" minCrapScore="0" visitedClasses="0" numClasses="0" visitedMethods="0" numMethods="1" />
              <MetadataToken>100663339</MetadataToken>
              <Name>System.Void CakeCompanyPortal.Client::set_CreatedDate(System.Nullable`1&lt;System.DateTime&gt;)</Name>
              <FileRef uid="5" />
              <SequencePoints>
                <SequencePoint vc="0" uspid="0" ordinal="0" offset="0" sl="25" sc="61" el="25" ec="65" bec="0" bev="0" fileid="5" url="B:\Udai\CakeCompanyPortal\CakeCompanyPortal\Client.cs">
                  <BranchPoints />
                </SequencePoint>
              </SequencePoints>
              <BranchPoints />
              <MethodPoint vc="0" uspid="0" ordinal="0" offset="0" />
            </Method>
          </Methods>
        </Class>
        <Class>
          <Summary numSequencePoints="6" visitedSequencePoints="0" numBranchPoints="0" visitedBranchPoints="0" sequenceCoverage="0" branchCoverage="0" maxCyclomaticComplexity="0" minCyclomaticComplexity="0" maxCrapScore="0" minCrapScore="0" visitedClasses="0" numClasses="0" visitedMethods="0" numMethods="1" />
          <FullName>CakeCompanyPortal.MvcApplication</FullName>
          <Methods>
            <Method visited="false" cyclomaticComplexity="0" nPathComplexity="0" sequenceCoverage="0" branchCoverage="0" crapScore="0" isConstructor="false" isStatic="false" isGetter="false" isSetter="false">
              <Summary numSequencePoints="6" visitedSequencePoints="0" numBranchPoints="0" visitedBranchPoints="0" sequenceCoverage="0" branchCoverage="0" maxCyclomaticComplexity="0" minCyclomaticComplexity="0" maxCrapScore="0" minCrapScore="0" visitedClasses="0" numClasses="0" visitedMethods="0" numMethods="1" />
              <MetadataToken>100663341</MetadataToken>
              <Name>System.Void CakeCompanyPortal.MvcApplication::Application_Start()</Name>
              <FileRef uid="6" />
              <SequencePoints>
                <SequencePoint vc="0" uspid="0" ordinal="0" offset="0" sl="14" sc="9" el="14" ec="10" bec="0" bev="0" fileid="6" url="B:\Udai\CakeCompanyPortal\CakeCompanyPortal\Global.asax.cs">
                  <BranchPoints />
                </SequencePoint>
                <SequencePoint vc="0" uspid="0" ordinal="1" offset="1" sl="15" sc="13" el="15" ec="49" bec="0" bev="0" fileid="6" url="B:\Udai\CakeCompanyPortal\CakeCompanyPortal\Global.asax.cs">
                  <BranchPoints />
                </SequencePoint>
                <SequencePoint vc="0" uspid="0" ordinal="2" offset="7" sl="16" sc="13" el="16" ec="71" bec="0" bev="0" fileid="6" url="B:\Udai\CakeCompanyPortal\CakeCompanyPortal\Global.asax.cs">
                  <BranchPoints />
                </SequencePoint>
                <SequencePoint vc="0" uspid="0" ordinal="3" offset="18" sl="17" sc="13" el="17" ec="59" bec="0" bev="0" fileid="6" url="B:\Udai\CakeCompanyPortal\CakeCompanyPortal\Global.asax.cs">
                  <BranchPoints />
                </SequencePoint>
                <SequencePoint vc="0" uspid="0" ordinal="4" offset="29" sl="18" sc="13" el="18" ec="63" bec="0" bev="0" fileid="6" url="B:\Udai\CakeCompanyPortal\CakeCompanyPortal\Global.asax.cs">
                  <BranchPoints />
                </SequencePoint>
                <SequencePoint vc="0" uspid="0" ordinal="5" offset="40" sl="19" sc="9" el="19" ec="10" bec="0" bev="0" fileid="6" url="B:\Udai\CakeCompanyPortal\CakeCompanyPortal\Global.asax.cs">
                  <BranchPoints />
                </SequencePoint>
              </SequencePoints>
              <BranchPoints />
              <MethodPoint vc="0" uspid="0" ordinal="0" offset="0" />
            </Method>
          </Methods>
        </Class>
        <Class>
          <Summary numSequencePoints="18" visitedSequencePoints="8" numBranchPoints="0" visitedBranchPoints="0" sequenceCoverage="44.4" branchCoverage="100" maxCyclomaticComplexity="0" minCyclomaticComplexity="0" maxCrapScore="0" minCrapScore="0" visitedClasses="1" numClasses="0" visitedMethods="8" numMethods="18" />
          <FullName>CakeCompanyPortal.Invoice</FullName>
          <Methods>
            <Method visited="true" cyclomaticComplexity="0" nPathComplexity="0" sequenceCoverage="100" branchCoverage="100" crapScore="0" isConstructor="false" isStatic="false" isGetter="true" isSetter="false">
              <Summary numSequencePoints="1" visitedSequencePoints="1" numBranchPoints="0" visitedBranchPoints="0" sequenceCoverage="100" branchCoverage="100" maxCyclomaticComplexity="0" minCyclomaticComplexity="0" maxCrapScore="0" minCrapScore="0" visitedClasses="0" numClasses="0" visitedMethods="0" numMethods="1" />
              <MetadataToken>100663343</MetadataToken>
              <Name>System.Int32 CakeCompanyPortal.Invoice::get_InvoiceID()</Name>
              <FileRef uid="7" />
              <SequencePoints>
                <SequencePoint vc="1" uspid="0" ordinal="0" offset="0" sl="17" sc="32" el="17" ec="36" bec="0" bev="0" fileid="7" url="B:\Udai\CakeCompanyPortal\CakeCompanyPortal\Invoice.cs">
                  <BranchPoints />
                </SequencePoint>
              </SequencePoints>
              <BranchPoints />
              <MethodPoint vc="1" uspid="0" ordinal="0" offset="0" />
            </Method>
            <Method visited="true" cyclomaticComplexity="0" nPathComplexity="0" sequenceCoverage="100" branchCoverage="100" crapScore="0" isConstructor="false" isStatic="false" isGetter="false" isSetter="true">
              <Summary numSequencePoints="1" visitedSequencePoints="1" numBranchPoints="0" visitedBranchPoints="0" sequenceCoverage="100" branchCoverage="100" maxCyclomaticComplexity="0" minCyclomaticComplexity="0" maxCrapScore="0" minCrapScore="0" visitedClasses="0" numClasses="0" visitedMethods="0" numMethods="1" />
              <MetadataToken>100663344</MetadataToken>
              <Name>System.Void CakeCompanyPortal.Invoice::set_InvoiceID(System.Int32)</Name>
              <FileRef uid="7" />
              <SequencePoints>
                <SequencePoint vc="1" uspid="0" ordinal="0" offset="0" sl="17" sc="37" el="17" ec="41" bec="0" bev="0" fileid="7" url="B:\Udai\CakeCompanyPortal\CakeCompanyPortal\Invoice.cs">
                  <BranchPoints />
                </SequencePoint>
              </SequencePoints>
              <BranchPoints />
              <MethodPoint vc="1" uspid="0" ordinal="0" offset="0" />
            </Method>
            <Method visited="false" cyclomaticComplexity="0" nPathComplexity="0" sequenceCoverage="0" branchCoverage="0" crapScore="0" isConstructor="false" isStatic="false" isGetter="true" isSetter="false">
              <Summary numSequencePoints="1" visitedSequencePoints="0" numBranchPoints="0" visitedBranchPoints="0" sequenceCoverage="0" branchCoverage="0" maxCyclomaticComplexity="0" minCyclomaticComplexity="0" maxCrapScore="0" minCrapScore="0" visitedClasses="0" numClasses="0" visitedMethods="0" numMethods="1" />
              <MetadataToken>100663345</MetadataToken>
              <Name>System.String CakeCompanyPortal.Invoice::get_OrderNumber()</Name>
              <FileRef uid="7" />
              <SequencePoints>
                <SequencePoint vc="0" uspid="0" ordinal="0" offset="0" sl="18" sc="37" el="18" ec="41" bec="0" bev="0" fileid="7" url="B:\Udai\CakeCompanyPortal\CakeCompanyPortal\Invoice.cs">
                  <BranchPoints />
                </SequencePoint>
              </SequencePoints>
              <BranchPoints />
              <MethodPoint vc="0" uspid="0" ordinal="0" offset="0" />
            </Method>
            <Method visited="false" cyclomaticComplexity="0" nPathComplexity="0" sequenceCoverage="0" branchCoverage="0" crapScore="0" isConstructor="false" isStatic="false" isGetter="false" isSetter="true">
              <Summary numSequencePoints="1" visitedSequencePoints="0" numBranchPoints="0" visitedBranchPoints="0" sequenceCoverage="0" branchCoverage="0" maxCyclomaticComplexity="0" minCyclomaticComplexity="0" maxCrapScore="0" minCrapScore="0" visitedClasses="0" numClasses="0" visitedMethods="0" numMethods="1" />
              <MetadataToken>100663346</MetadataToken>
              <Name>System.Void CakeCompanyPortal.Invoice::set_OrderNumber(System.String)</Name>
              <FileRef uid="7" />
              <SequencePoints>
                <SequencePoint vc="0" uspid="0" ordinal="0" offset="0" sl="18" sc="42" el="18" ec="46" bec="0" bev="0" fileid="7" url="B:\Udai\CakeCompanyPortal\CakeCompanyPortal\Invoice.cs">
                  <BranchPoints />
                </SequencePoint>
              </SequencePoints>
              <BranchPoints />
              <MethodPoint vc="0" uspid="0" ordinal="0" offset="0" />
            </Method>
            <Method visited="true" cyclomaticComplexity="0" nPathComplexity="0" sequenceCoverage="100" branchCoverage="100" crapScore="0" isConstructor="false" isStatic="false" isGetter="true" isSetter="false">
              <Summary numSequencePoints="1" visitedSequencePoints="1" numBranchPoints="0" visitedBranchPoints="0" sequenceCoverage="100" branchCoverage="100" maxCyclomaticComplexity="0" minCyclomaticComplexity="0" maxCrapScore="0" minCrapScore="0" visitedClasses="0" numClasses="0" visitedMethods="0" numMethods="1" />
              <MetadataToken>100663347</MetadataToken>
              <Name>System.Nullable`1&lt;System.Int32&gt; CakeCompanyPortal.Invoice::get_ClientID()</Name>
              <FileRef uid="7" />
              <SequencePoints>
                <SequencePoint vc="1" uspid="0" ordinal="0" offset="0" sl="19" sc="41" el="19" ec="45" bec="0" bev="0" fileid="7" url="B:\Udai\CakeCompanyPortal\CakeCompanyPortal\Invoice.cs">
                  <BranchPoints />
                </SequencePoint>
              </SequencePoints>
              <BranchPoints />
              <MethodPoint vc="1" uspid="0" ordinal="0" offset="0" />
            </Method>
            <Method visited="true" cyclomaticComplexity="0" nPathComplexity="0" sequenceCoverage="100" branchCoverage="100" crapScore="0" isConstructor="false" isStatic="false" isGetter="false" isSetter="true">
              <Summary numSequencePoints="1" visitedSequencePoints="1" numBranchPoints="0" visitedBranchPoints="0" sequenceCoverage="100" branchCoverage="100" maxCyclomaticComplexity="0" minCyclomaticComplexity="0" maxCrapScore="0" minCrapScore="0" visitedClasses="0" numClasses="0" visitedMethods="0" numMethods="1" />
              <MetadataToken>100663348</MetadataToken>
              <Name>System.Void CakeCompanyPortal.Invoice::set_ClientID(System.Nullable`1&lt;System.Int32&gt;)</Name>
              <FileRef uid="7" />
              <SequencePoints>
                <SequencePoint vc="1" uspid="0" ordinal="0" offset="0" sl="19" sc="46" el="19" ec="50" bec="0" bev="0" fileid="7" url="B:\Udai\CakeCompanyPortal\CakeCompanyPortal\Invoice.cs">
                  <BranchPoints />
                </SequencePoint>
              </SequencePoints>
              <BranchPoints />
              <MethodPoint vc="1" uspid="0" ordinal="0" offset="0" />
            </Method>
            <Method visited="true" cyclomaticComplexity="0" nPathComplexity="0" sequenceCoverage="100" branchCoverage="100" crapScore="0" isConstructor="false" isStatic="false" isGetter="true" isSetter="false">
              <Summary numSequencePoints="1" visitedSequencePoints="1" numBranchPoints="0" visitedBranchPoints="0" sequenceCoverage="100" branchCoverage="100" maxCyclomaticComplexity="0" minCyclomaticComplexity="0" maxCrapScore="0" minCrapScore="0" visitedClasses="0" numClasses="0" visitedMethods="0" numMethods="1" />
              <MetadataToken>100663349</MetadataToken>
              <Name>System.Nullable`1&lt;System.Int32&gt; CakeCompanyPortal.Invoice::get_TransportID()</Name>
              <FileRef uid="7" />
              <SequencePoints>
                <SequencePoint vc="1" uspid="0" ordinal="0" offset="0" sl="20" sc="44" el="20" ec="48" bec="0" bev="0" fileid="7" url="B:\Udai\CakeCompanyPortal\CakeCompanyPortal\Invoice.cs">
                  <BranchPoints />
                </SequencePoint>
              </SequencePoints>
              <BranchPoints />
              <MethodPoint vc="1" uspid="0" ordinal="0" offset="0" />
            </Method>
            <Method visited="true" cyclomaticComplexity="0" nPathComplexity="0" sequenceCoverage="100" branchCoverage="100" crapScore="0" isConstructor="false" isStatic="false" isGetter="false" isSetter="true">
              <Summary numSequencePoints="1" visitedSequencePoints="1" numBranchPoints="0" visitedBranchPoints="0" sequenceCoverage="100" branchCoverage="100" maxCyclomaticComplexity="0" minCyclomaticComplexity="0" maxCrapScore="0" minCrapScore="0" visitedClasses="0" numClasses="0" visitedMethods="0" numMethods="1" />
              <MetadataToken>100663350</MetadataToken>
              <Name>System.Void CakeCompanyPortal.Invoice::set_TransportID(System.Nullable`1&lt;System.Int32&gt;)</Name>
              <FileRef uid="7" />
              <SequencePoints>
                <SequencePoint vc="1" uspid="0" ordinal="0" offset="0" sl="20" sc="49" el="20" ec="53" bec="0" bev="0" fileid="7" url="B:\Udai\CakeCompanyPortal\CakeCompanyPortal\Invoice.cs">
                  <BranchPoints />
                </SequencePoint>
              </SequencePoints>
              <BranchPoints />
              <MethodPoint vc="1" uspid="0" ordinal="0" offset="0" />
            </Method>
            <Method visited="false" cyclomaticComplexity="0" nPathComplexity="0" sequenceCoverage="0" branchCoverage="0" crapScore="0" isConstructor="false" isStatic="false" isGetter="true" isSetter="false">
              <Summary numSequencePoints="1" visitedSequencePoints="0" numBranchPoints="0" visitedBranchPoints="0" sequenceCoverage="0" branchCoverage="0" maxCyclomaticComplexity="0" minCyclomaticComplexity="0" maxCrapScore="0" minCrapScore="0" visitedClasses="0" numClasses="0" visitedMethods="0" numMethods="1" />
              <MetadataToken>100663351</MetadataToken>
              <Name>System.Nullable`1&lt;System.Int32&gt; CakeCompanyPortal.Invoice::get_BillAmount()</Name>
              <FileRef uid="7" />
              <SequencePoints>
                <SequencePoint vc="0" uspid="0" ordinal="0" offset="0" sl="21" sc="43" el="21" ec="47" bec="0" bev="0" fileid="7" url="B:\Udai\CakeCompanyPortal\CakeCompanyPortal\Invoice.cs">
                  <BranchPoints />
                </SequencePoint>
              </SequencePoints>
              <BranchPoints />
              <MethodPoint vc="0" uspid="0" ordinal="0" offset="0" />
            </Method>
            <Method visited="false" cyclomaticComplexity="0" nPathComplexity="0" sequenceCoverage="0" branchCoverage="0" crapScore="0" isConstructor="false" isStatic="false" isGetter="false" isSetter="true">
              <Summary numSequencePoints="1" visitedSequencePoints="0" numBranchPoints="0" visitedBranchPoints="0" sequenceCoverage="0" branchCoverage="0" maxCyclomaticComplexity="0" minCyclomaticComplexity="0" maxCrapScore="0" minCrapScore="0" visitedClasses="0" numClasses="0" visitedMethods="0" numMethods="1" />
              <MetadataToken>100663352</MetadataToken>
              <Name>System.Void CakeCompanyPortal.Invoice::set_BillAmount(System.Nullable`1&lt;System.Int32&gt;)</Name>
              <FileRef uid="7" />
              <SequencePoints>
                <SequencePoint vc="0" uspid="0" ordinal="0" offset="0" sl="21" sc="48" el="21" ec="52" bec="0" bev="0" fileid="7" url="B:\Udai\CakeCompanyPortal\CakeCompanyPortal\Invoice.cs">
                  <BranchPoints />
                </SequencePoint>
              </SequencePoints>
              <BranchPoints />
              <MethodPoint vc="0" uspid="0" ordinal="0" offset="0" />
            </Method>
            <Method visited="false" cyclomaticComplexity="0" nPathComplexity="0" sequenceCoverage="0" branchCoverage="0" crapScore="0" isConstructor="false" isStatic="false" isGetter="true" isSetter="false">
              <Summary numSequencePoints="1" visitedSequencePoints="0" numBranchPoints="0" visitedBranchPoints="0" sequenceCoverage="0" branchCoverage="0" maxCyclomaticComplexity="0" minCyclomaticComplexity="0" maxCrapScore="0" minCrapScore="0" visitedClasses="0" numClasses="0" visitedMethods="0" numMethods="1" />
              <MetadataToken>100663353</MetadataToken>
              <Name>System.String CakeCompanyPortal.Invoice::get_BillStatus()</Name>
              <FileRef uid="7" />
              <SequencePoints>
                <SequencePoint vc="0" uspid="0" ordinal="0" offset="0" sl="22" sc="36" el="22" ec="40" bec="0" bev="0" fileid="7" url="B:\Udai\CakeCompanyPortal\CakeCompanyPortal\Invoice.cs">
                  <BranchPoints />
                </SequencePoint>
              </SequencePoints>
              <BranchPoints />
              <MethodPoint vc="0" uspid="0" ordinal="0" offset="0" />
            </Method>
            <Method visited="false" cyclomaticComplexity="0" nPathComplexity="0" sequenceCoverage="0" branchCoverage="0" crapScore="0" isConstructor="false" isStatic="false" isGetter="false" isSetter="true">
              <Summary numSequencePoints="1" visitedSequencePoints="0" numBranchPoints="0" visitedBranchPoints="0" sequenceCoverage="0" branchCoverage="0" maxCyclomaticComplexity="0" minCyclomaticComplexity="0" maxCrapScore="0" minCrapScore="0" visitedClasses="0" numClasses="0" visitedMethods="0" numMethods="1" />
              <MetadataToken>100663354</MetadataToken>
              <Name>System.Void CakeCompanyPortal.Invoice::set_BillStatus(System.String)</Name>
              <FileRef uid="7" />
              <SequencePoints>
                <SequencePoint vc="0" uspid="0" ordinal="0" offset="0" sl="22" sc="41" el="22" ec="45" bec="0" bev="0" fileid="7" url="B:\Udai\CakeCompanyPortal\CakeCompanyPortal\Invoice.cs">
                  <BranchPoints />
                </SequencePoint>
              </SequencePoints>
              <BranchPoints />
              <MethodPoint vc="0" uspid="0" ordinal="0" offset="0" />
            </Method>
            <Method visited="false" cyclomaticComplexity="0" nPathComplexity="0" sequenceCoverage="0" branchCoverage="0" crapScore="0" isConstructor="false" isStatic="false" isGetter="true" isSetter="false">
              <Summary numSequencePoints="1" visitedSequencePoints="0" numBranchPoints="0" visitedBranchPoints="0" sequenceCoverage="0" branchCoverage="0" maxCyclomaticComplexity="0" minCyclomaticComplexity="0" maxCrapScore="0" minCrapScore="0" visitedClasses="0" numClasses="0" visitedMethods="0" numMethods="1" />
              <MetadataToken>100663355</MetadataToken>
              <Name>System.Nullable`1&lt;System.DateTime&gt; CakeCompanyPortal.Invoice::get_CreatedDate()</Name>
              <FileRef uid="7" />
              <SequencePoints>
                <SequencePoint vc="0" uspid="0" ordinal="0" offset="0" sl="23" sc="56" el="23" ec="60" bec="0" bev="0" fileid="7" url="B:\Udai\CakeCompanyPortal\CakeCompanyPortal\Invoice.cs">
                  <BranchPoints />
                </SequencePoint>
              </SequencePoints>
              <BranchPoints />
              <MethodPoint vc="0" uspid="0" ordinal="0" offset="0" />
            </Method>
            <Method visited="false" cyclomaticComplexity="0" nPathComplexity="0" sequenceCoverage="0" branchCoverage="0" crapScore="0" isConstructor="false" isStatic="false" isGetter="false" isSetter="true">
              <Summary numSequencePoints="1" visitedSequencePoints="0" numBranchPoints="0" visitedBranchPoints="0" sequenceCoverage="0" branchCoverage="0" maxCyclomaticComplexity="0" minCyclomaticComplexity="0" maxCrapScore="0" minCrapScore="0" visitedClasses="0" numClasses="0" visitedMethods="0" numMethods="1" />
              <MetadataToken>100663356</MetadataToken>
              <Name>System.Void CakeCompanyPortal.Invoice::set_CreatedDate(System.Nullable`1&lt;System.DateTime&gt;)</Name>
              <FileRef uid="7" />
              <SequencePoints>
                <SequencePoint vc="0" uspid="0" ordinal="0" offset="0" sl="23" sc="61" el="23" ec="65" bec="0" bev="0" fileid="7" url="B:\Udai\CakeCompanyPortal\CakeCompanyPortal\Invoice.cs">
                  <BranchPoints />
                </SequencePoint>
              </SequencePoints>
              <BranchPoints />
              <MethodPoint vc="0" uspid="0" ordinal="0" offset="0" />
            </Method>
            <Method visited="false" cyclomaticComplexity="0" nPathComplexity="0" sequenceCoverage="0" branchCoverage="0" crapScore="0" isConstructor="false" isStatic="false" isGetter="true" isSetter="false">
              <Summary numSequencePoints="1" visitedSequencePoints="0" numBranchPoints="0" visitedBranchPoints="0" sequenceCoverage="0" branchCoverage="0" maxCyclomaticComplexity="0" minCyclomaticComplexity="0" maxCrapScore="0" minCrapScore="0" visitedClasses="0" numClasses="0" visitedMethods="0" numMethods="1" />
              <MetadataToken>100663357</MetadataToken>
              <Name>System.String CakeCompanyPortal.Invoice::get_ClientName()</Name>
              <FileRef uid="7" />
              <SequencePoints>
                <SequencePoint vc="0" uspid="0" ordinal="0" offset="0" sl="24" sc="36" el="24" ec="40" bec="0" bev="0" fileid="7" url="B:\Udai\CakeCompanyPortal\CakeCompanyPortal\Invoice.cs">
                  <BranchPoints />
                </SequencePoint>
              </SequencePoints>
              <BranchPoints />
              <MethodPoint vc="0" uspid="0" ordinal="0" offset="0" />
            </Method>
            <Method visited="true" cyclomaticComplexity="0" nPathComplexity="0" sequenceCoverage="100" branchCoverage="100" crapScore="0" isConstructor="false" isStatic="false" isGetter="false" isSetter="true">
              <Summary numSequencePoints="1" visitedSequencePoints="1" numBranchPoints="0" visitedBranchPoints="0" sequenceCoverage="100" branchCoverage="100" maxCyclomaticComplexity="0" minCyclomaticComplexity="0" maxCrapScore="0" minCrapScore="0" visitedClasses="0" numClasses="0" visitedMethods="0" numMethods="1" />
              <MetadataToken>100663358</MetadataToken>
              <Name>System.Void CakeCompanyPortal.Invoice::set_ClientName(System.String)</Name>
              <FileRef uid="7" />
              <SequencePoints>
                <SequencePoint vc="1" uspid="0" ordinal="0" offset="0" sl="24" sc="41" el="24" ec="45" bec="0" bev="0" fileid="7" url="B:\Udai\CakeCompanyPortal\CakeCompanyPortal\Invoice.cs">
                  <BranchPoints />
                </SequencePoint>
              </SequencePoints>
              <BranchPoints />
              <MethodPoint vc="1" uspid="0" ordinal="0" offset="0" />
            </Method>
            <Method visited="false" cyclomaticComplexity="0" nPathComplexity="0" sequenceCoverage="0" branchCoverage="0" crapScore="0" isConstructor="false" isStatic="false" isGetter="true" isSetter="false">
              <Summary numSequencePoints="1" visitedSequencePoints="0" numBranchPoints="0" visitedBranchPoints="0" sequenceCoverage="0" branchCoverage="0" maxCyclomaticComplexity="0" minCyclomaticComplexity="0" maxCrapScore="0" minCrapScore="0" visitedClasses="0" numClasses="0" visitedMethods="0" numMethods="1" />
              <MetadataToken>100663359</MetadataToken>
              <Name>System.String CakeCompanyPortal.Invoice::get_TransportName()</Name>
              <FileRef uid="7" />
              <SequencePoints>
                <SequencePoint vc="0" uspid="0" ordinal="0" offset="0" sl="25" sc="39" el="25" ec="43" bec="0" bev="0" fileid="7" url="B:\Udai\CakeCompanyPortal\CakeCompanyPortal\Invoice.cs">
                  <BranchPoints />
                </SequencePoint>
              </SequencePoints>
              <BranchPoints />
              <MethodPoint vc="0" uspid="0" ordinal="0" offset="0" />
            </Method>
            <Method visited="true" cyclomaticComplexity="0" nPathComplexity="0" sequenceCoverage="100" branchCoverage="100" crapScore="0" isConstructor="false" isStatic="false" isGetter="false" isSetter="true">
              <Summary numSequencePoints="1" visitedSequencePoints="1" numBranchPoints="0" visitedBranchPoints="0" sequenceCoverage="100" branchCoverage="100" maxCyclomaticComplexity="0" minCyclomaticComplexity="0" maxCrapScore="0" minCrapScore="0" visitedClasses="0" numClasses="0" visitedMethods="0" numMethods="1" />
              <MetadataToken>100663360</MetadataToken>
              <Name>System.Void CakeCompanyPortal.Invoice::set_TransportName(System.String)</Name>
              <FileRef uid="7" />
              <SequencePoints>
                <SequencePoint vc="1" uspid="0" ordinal="0" offset="0" sl="25" sc="44" el="25" ec="48" bec="0" bev="0" fileid="7" url="B:\Udai\CakeCompanyPortal\CakeCompanyPortal\Invoice.cs">
                  <BranchPoints />
                </SequencePoint>
              </SequencePoints>
              <BranchPoints />
              <MethodPoint vc="1" uspid="0" ordinal="0" offset="0" />
            </Method>
          </Methods>
        </Class>
        <Class>
          <Summary numSequencePoints="26" visitedSequencePoints="2" numBranchPoints="0" visitedBranchPoints="0" sequenceCoverage="7.7" branchCoverage="100" maxCyclomaticComplexity="0" minCyclomaticComplexity="0" maxCrapScore="0" minCrapScore="0" visitedClasses="1" numClasses="0" visitedMethods="2" numMethods="26" />
          <FullName>CakeCompanyPortal.Order</FullName>
          <Methods>
            <Method visited="false" cyclomaticComplexity="0" nPathComplexity="0" sequenceCoverage="0" branchCoverage="0" crapScore="0" isConstructor="false" isStatic="false" isGetter="true" isSetter="false">
              <Summary numSequencePoints="1" visitedSequencePoints="0" numBranchPoints="0" visitedBranchPoints="0" sequenceCoverage="0" branchCoverage="0" maxCyclomaticComplexity="0" minCyclomaticComplexity="0" maxCrapScore="0" minCrapScore="0" visitedClasses="0" numClasses="0" visitedMethods="0" numMethods="1" />
              <MetadataToken>100663362</MetadataToken>
              <Name>System.Int32 CakeCompanyPortal.Order::get_OrderID()</Name>
              <FileRef uid="8" />
              <SequencePoints>
                <SequencePoint vc="0" uspid="0" ordinal="0" offset="0" sl="17" sc="30" el="17" ec="34" bec="0" bev="0" fileid="8" url="B:\Udai\CakeCompanyPortal\CakeCompanyPortal\Order.cs">
                  <BranchPoints />
                </SequencePoint>
              </SequencePoints>
              <BranchPoints />
              <MethodPoint vc="0" uspid="0" ordinal="0" offset="0" />
            </Method>
            <Method visited="false" cyclomaticComplexity="0" nPathComplexity="0" sequenceCoverage="0" branchCoverage="0" crapScore="0" isConstructor="false" isStatic="false" isGetter="false" isSetter="true">
              <Summary numSequencePoints="1" visitedSequencePoints="0" numBranchPoints="0" visitedBranchPoints="0" sequenceCoverage="0" branchCoverage="0" maxCyclomaticComplexity="0" minCyclomaticComplexity="0" maxCrapScore="0" minCrapScore="0" visitedClasses="0" numClasses="0" visitedMethods="0" numMethods="1" />
              <MetadataToken>100663363</MetadataToken>
              <Name>System.Void CakeCompanyPortal.Order::set_OrderID(System.Int32)</Name>
              <FileRef uid="8" />
              <SequencePoints>
                <SequencePoint vc="0" uspid="0" ordinal="0" offset="0" sl="17" sc="35" el="17" ec="39" bec="0" bev="0" fileid="8" url="B:\Udai\CakeCompanyPortal\CakeCompanyPortal\Order.cs">
                  <BranchPoints />
                </SequencePoint>
              </SequencePoints>
              <BranchPoints />
              <MethodPoint vc="0" uspid="0" ordinal="0" offset="0" />
            </Method>
            <Method visited="false" cyclomaticComplexity="0" nPathComplexity="0" sequenceCoverage="0" branchCoverage="0" crapScore="0" isConstructor="false" isStatic="false" isGetter="true" isSetter="false">
              <Summary numSequencePoints="1" visitedSequencePoints="0" numBranchPoints="0" visitedBranchPoints="0" sequenceCoverage="0" branchCoverage="0" maxCyclomaticComplexity="0" minCyclomaticComplexity="0" maxCrapScore="0" minCrapScore="0" visitedClasses="0" numClasses="0" visitedMethods="0" numMethods="1" />
              <MetadataToken>100663364</MetadataToken>
              <Name>System.String CakeCompanyPortal.Order::get_OrderNumber()</Name>
              <FileRef uid="8" />
              <SequencePoints>
                <SequencePoint vc="0" uspid="0" ordinal="0" offset="0" sl="18" sc="37" el="18" ec="41" bec="0" bev="0" fileid="8" url="B:\Udai\CakeCompanyPortal\CakeCompanyPortal\Order.cs">
                  <BranchPoints />
                </SequencePoint>
              </SequencePoints>
              <BranchPoints />
              <MethodPoint vc="0" uspid="0" ordinal="0" offset="0" />
            </Method>
            <Method visited="false" cyclomaticComplexity="0" nPathComplexity="0" sequenceCoverage="0" branchCoverage="0" crapScore="0" isConstructor="false" isStatic="false" isGetter="false" isSetter="true">
              <Summary numSequencePoints="1" visitedSequencePoints="0" numBranchPoints="0" visitedBranchPoints="0" sequenceCoverage="0" branchCoverage="0" maxCyclomaticComplexity="0" minCyclomaticComplexity="0" maxCrapScore="0" minCrapScore="0" visitedClasses="0" numClasses="0" visitedMethods="0" numMethods="1" />
              <MetadataToken>100663365</MetadataToken>
              <Name>System.Void CakeCompanyPortal.Order::set_OrderNumber(System.String)</Name>
              <FileRef uid="8" />
              <SequencePoints>
                <SequencePoint vc="0" uspid="0" ordinal="0" offset="0" sl="18" sc="42" el="18" ec="46" bec="0" bev="0" fileid="8" url="B:\Udai\CakeCompanyPortal\CakeCompanyPortal\Order.cs">
                  <BranchPoints />
                </SequencePoint>
              </SequencePoints>
              <BranchPoints />
              <MethodPoint vc="0" uspid="0" ordinal="0" offset="0" />
            </Method>
            <Method visited="true" cyclomaticComplexity="0" nPathComplexity="0" sequenceCoverage="100" branchCoverage="100" crapScore="0" isConstructor="false" isStatic="false" isGetter="true" isSetter="false">
              <Summary numSequencePoints="1" visitedSequencePoints="1" numBranchPoints="0" visitedBranchPoints="0" sequenceCoverage="100" branchCoverage="100" maxCyclomaticComplexity="0" minCyclomaticComplexity="0" maxCrapScore="0" minCrapScore="0" visitedClasses="0" numClasses="0" visitedMethods="0" numMethods="1" />
              <MetadataToken>100663366</MetadataToken>
              <Name>System.Nullable`1&lt;System.Int32&gt; CakeCompanyPortal.Order::get_ProductID()</Name>
              <FileRef uid="8" />
              <SequencePoints>
                <SequencePoint vc="1" uspid="0" ordinal="0" offset="0" sl="19" sc="42" el="19" ec="46" bec="0" bev="0" fileid="8" url="B:\Udai\CakeCompanyPortal\CakeCompanyPortal\Order.cs">
                  <BranchPoints />
                </SequencePoint>
              </SequencePoints>
              <BranchPoints />
              <MethodPoint vc="1" uspid="0" ordinal="0" offset="0" />
            </Method>
            <Method visited="true" cyclomaticComplexity="0" nPathComplexity="0" sequenceCoverage="100" branchCoverage="100" crapScore="0" isConstructor="false" isStatic="false" isGetter="false" isSetter="true">
[...]
              <MetadataToken>100663315</MetadataToken>
              <Name>System.Void UnitTestCakeCompanyPortal.Provider.ShipmentProviderTests::CreateInvoice_Test_ReturnsInvoiceIDIs100()</Name>
              <FileRef uid="31" />
              <SequencePoints>
                <SequencePoint vc="1" uspid="0" ordinal="0" offset="6" sl="156" sc="9" el="156" ec="10" bec="0" bev="0" fileid="31" url="B:\Udai\CakeCompanyPortal\Tests\CakeCompanyPortalUnitTests\Provider\ShipmentProviderTests.cs">
                  <BranchPoints />
                </SequencePoint>
                <SequencePoint vc="1" uspid="0" ordinal="1" offset="7" sl="158" sc="13" el="158" ec="41" bec="0" bev="0" fileid="31" url="B:\Udai\CakeCompanyPortal\Tests\CakeCompanyPortalUnitTests\Provider\ShipmentProviderTests.cs">
                  <BranchPoints />
                </SequencePoint>
                <SequencePoint vc="1" uspid="0" ordinal="2" offset="13" sl="159" sc="13" el="159" ec="53" bec="0" bev="0" fileid="31" url="B:\Udai\CakeCompanyPortal\Tests\CakeCompanyPortalUnitTests\Provider\ShipmentProviderTests.cs">
                  <BranchPoints />
                </SequencePoint>
                <SequencePoint vc="1" uspid="0" ordinal="3" offset="19" sl="160" sc="13" el="160" ec="101" bec="0" bev="0" fileid="31" url="B:\Udai\CakeCompanyPortal\Tests\CakeCompanyPortalUnitTests\Provider\ShipmentProviderTests.cs">
                  <BranchPoints />
                </SequencePoint>
                <SequencePoint vc="1" uspid="0" ordinal="4" offset="35" sl="161" sc="13" el="161" ec="98" bec="0" bev="0" fileid="31" url="B:\Udai\CakeCompanyPortal\Tests\CakeCompanyPortalUnitTests\Provider\ShipmentProviderTests.cs">
                  <BranchPoints />
                </SequencePoint>
                <SequencePoint vc="1" uspid="0" ordinal="5" offset="0" sl="161" sc="38" el="161" ec="72" bec="0" bev="0" fileid="31" url="B:\Udai\CakeCompanyPortal\Tests\CakeCompanyPortalUnitTests\Provider\ShipmentProviderTests.cs">
                  <BranchPoints />
                </SequencePoint>
                <SequencePoint vc="1" uspid="0" ordinal="6" offset="59" sl="165" sc="13" el="165" ec="53" bec="0" bev="0" fileid="31" url="B:\Udai\CakeCompanyPortal\Tests\CakeCompanyPortalUnitTests\Provider\ShipmentProviderTests.cs">
                  <BranchPoints />
                </SequencePoint>
                <SequencePoint vc="1" uspid="0" ordinal="7" offset="66" sl="169" sc="13" el="169" ec="53" bec="0" bev="0" fileid="31" url="B:\Udai\CakeCompanyPortal\Tests\CakeCompanyPortalUnitTests\Provider\ShipmentProviderTests.cs">
                  <BranchPoints />
                </SequencePoint>
                <SequencePoint vc="1" uspid="0" ordinal="8" offset="80" sl="170" sc="9" el="170" ec="10" bec="0" bev="0" fileid="31" url="B:\Udai\CakeCompanyPortal\Tests\CakeCompanyPortalUnitTests\Provider\ShipmentProviderTests.cs">
                  <BranchPoints />
                </SequencePoint>
              </SequencePoints>
              <BranchPoints />
              <MethodPoint vc="1" uspid="0" ordinal="0" offset="6" />
            </Method>
            <Method visited="true" cyclomaticComplexity="0" nPathComplexity="0" sequenceCoverage="87" branchCoverage="100" crapScore="0" isConstructor="false" isStatic="false" isGetter="false" isSetter="false">
              <Summary numSequencePoints="8" visitedSequencePoints="7" numBranchPoints="0" visitedBranchPoints="0" sequenceCoverage="87" branchCoverage="100" maxCyclomaticComplexity="0" minCyclomaticComplexity="0" maxCrapScore="0" minCrapScore="0" visitedClasses="0" numClasses="0" visitedMethods="0" numMethods="1" />
              <MetadataToken>100663316</MetadataToken>
              <Name>System.Void UnitTestCakeCompanyPortal.Provider.ShipmentProviderTests::GetAllShipmentDetails_Test_throwsException()</Name>
              <FileRef uid="31" />
              <SequencePoints>
                <SequencePoint vc="1" uspid="0" ordinal="0" offset="6" sl="152" sc="9" el="152" ec="10" bec="0" bev="0" fileid="31" url="B:\Udai\CakeCompanyPortal\Tests\CakeCompanyPortalUnitTests\Provider\ShipmentProviderTests.cs">
                  <BranchPoints />
                </SequencePoint>
                <SequencePoint vc="1" uspid="0" ordinal="1" offset="7" sl="154" sc="13" el="154" ec="70" bec="0" bev="0" fileid="31" url="B:\Udai\CakeCompanyPortal\Tests\CakeCompanyPortalUnitTests\Provider\ShipmentProviderTests.cs">
                  <BranchPoints />
                </SequencePoint>
                <SequencePoint vc="1" uspid="0" ordinal="2" offset="23" sl="155" sc="13" el="155" ec="110" bec="0" bev="0" fileid="31" url="B:\Udai\CakeCompanyPortal\Tests\CakeCompanyPortalUnitTests\Provider\ShipmentProviderTests.cs">
                  <BranchPoints />
                </SequencePoint>
                <SequencePoint vc="1" uspid="0" ordinal="3" offset="0" sl="155" sc="38" el="155" ec="68" bec="0" bev="0" fileid="31" url="B:\Udai\CakeCompanyPortal\Tests\CakeCompanyPortalUnitTests\Provider\ShipmentProviderTests.cs">
                  <BranchPoints />
                </SequencePoint>
                <SequencePoint vc="1" uspid="0" ordinal="4" offset="51" sl="156" sc="13" el="156" ec="67" bec="0" bev="0" fileid="31" url="B:\Udai\CakeCompanyPortal\Tests\CakeCompanyPortalUnitTests\Provider\ShipmentProviderTests.cs">
                  <BranchPoints />
                </SequencePoint>
                <SequencePoint vc="1" uspid="0" ordinal="5" offset="0" sl="156" sc="38" el="156" ec="52" bec="0" bev="0" fileid="31" url="B:\Udai\CakeCompanyPortal\Tests\CakeCompanyPortalUnitTests\Provider\ShipmentProviderTests.cs">
                  <BranchPoints />
                </SequencePoint>
                <SequencePoint vc="1" uspid="0" ordinal="6" offset="93" sl="159" sc="13" el="159" ec="67" bec="0" bev="0" fileid="31" url="B:\Udai\CakeCompanyPortal\Tests\CakeCompanyPortalUnitTests\Provider\ShipmentProviderTests.cs">
                  <BranchPoints />
                </SequencePoint>
                <SequencePoint vc="0" uspid="0" ordinal="7" offset="99" sl="162" sc="9" el="162" ec="10" bec="0" bev="0" fileid="31" url="B:\Udai\CakeCompanyPortal\Tests\CakeCompanyPortalUnitTests\Provider\ShipmentProviderTests.cs">
                  <BranchPoints />
                </SequencePoint>
              </SequencePoints>
              <BranchPoints />
              <MethodPoint vc="1" uspid="0" ordinal="0" offset="6" />
            </Method>
            <Method visited="true" cyclomaticComplexity="0" nPathComplexity="0" sequenceCoverage="100" branchCoverage="100" crapScore="0" isConstructor="false" isStatic="false" isGetter="false" isSetter="false">
              <Summary numSequencePoints="9" visitedSequencePoints="9" numBranchPoints="0" visitedBranchPoints="0" sequenceCoverage="100" branchCoverage="100" maxCyclomaticComplexity="0" minCyclomaticComplexity="0" maxCrapScore="0" minCrapScore="0" visitedClasses="0" numClasses="0" visitedMethods="0" numMethods="1" />
              <MetadataToken>100663317</MetadataToken>
              <Name>System.Void UnitTestCakeCompanyPortal.Provider.ShipmentProviderTests::GetAllShipmentDetails_Test_ReturnsFakeDbSet_1()</Name>
              <FileRef uid="31" />
              <SequencePoints>
                <SequencePoint vc="1" uspid="0" ordinal="0" offset="6" sl="166" sc="9" el="166" ec="10" bec="0" bev="0" fileid="31" url="B:\Udai\CakeCompanyPortal\Tests\CakeCompanyPortalUnitTests\Provider\ShipmentProviderTests.cs">
                  <BranchPoints />
                </SequencePoint>
                <SequencePoint vc="1" uspid="0" ordinal="1" offset="7" sl="168" sc="13" el="168" ec="70" bec="0" bev="0" fileid="31" url="B:\Udai\CakeCompanyPortal\Tests\CakeCompanyPortalUnitTests\Provider\ShipmentProviderTests.cs">
                  <BranchPoints />
                </SequencePoint>
                <SequencePoint vc="1" uspid="0" ordinal="2" offset="23" sl="169" sc="13" el="169" ec="86" bec="0" bev="0" fileid="31" url="B:\Udai\CakeCompanyPortal\Tests\CakeCompanyPortalUnitTests\Provider\ShipmentProviderTests.cs">
                  <BranchPoints />
                </SequencePoint>
                <SequencePoint vc="1" uspid="0" ordinal="3" offset="0" sl="169" sc="38" el="169" ec="68" bec="0" bev="0" fileid="31" url="B:\Udai\CakeCompanyPortal\Tests\CakeCompanyPortalUnitTests\Provider\ShipmentProviderTests.cs">
                  <BranchPoints />
                </SequencePoint>
                <SequencePoint vc="1" uspid="0" ordinal="4" offset="47" sl="170" sc="13" el="170" ec="67" bec="0" bev="0" fileid="31" url="B:\Udai\CakeCompanyPortal\Tests\CakeCompanyPortalUnitTests\Provider\ShipmentProviderTests.cs">
                  <BranchPoints />
                </SequencePoint>
                <SequencePoint vc="1" uspid="0" ordinal="5" offset="0" sl="170" sc="38" el="170" ec="52" bec="0" bev="0" fileid="31" url="B:\Udai\CakeCompanyPortal\Tests\CakeCompanyPortalUnitTests\Provider\ShipmentProviderTests.cs">
                  <BranchPoints />
                </SequencePoint>
                <SequencePoint vc="1" uspid="0" ordinal="6" offset="89" sl="173" sc="13" el="173" ec="67" bec="0" bev="0" fileid="31" url="B:\Udai\CakeCompanyPortal\Tests\CakeCompanyPortalUnitTests\Provider\ShipmentProviderTests.cs">
                  <BranchPoints />
                </SequencePoint>
                <SequencePoint vc="1" uspid="0" ordinal="7" offset="95" sl="176" sc="13" el="176" ec="42" bec="0" bev="0" fileid="31" url="B:\Udai\CakeCompanyPortal\Tests\CakeCompanyPortalUnitTests\Provider\ShipmentProviderTests.cs">
                  <BranchPoints />
                </SequencePoint>
                <SequencePoint vc="1" uspid="0" ordinal="8" offset="103" sl="177" sc="9" el="177" ec="10" bec="0" bev="0" fileid="31" url="B:\Udai\CakeCompanyPortal\Tests\CakeCompanyPortalUnitTests\Provider\ShipmentProviderTests.cs">
                  <BranchPoints />
                </SequencePoint>
              </SequencePoints>
              <BranchPoints />
              <MethodPoint vc="1" uspid="0" ordinal="0" offset="6" />
            </Method>
            <Method visited="true" cyclomaticComplexity="0" nPathComplexity="0" sequenceCoverage="87" branchCoverage="100" crapScore="0" isConstructor="false" isStatic="false" isGetter="false" isSetter="false">
              <Summary numSequencePoints="8" visitedSequencePoints="7" numBranchPoints="0" visitedBranchPoints="0" sequenceCoverage="87" branchCoverage="100" maxCyclomaticComplexity="0" minCyclomaticComplexity="0" maxCrapScore="0" minCrapScore="0" visitedClasses="0" numClasses="0" visitedMethods="0" numMethods="1" />
              <MetadataToken>100663318</MetadataToken>
              <Name>System.Void UnitTestCakeCompanyPortal.Provider.ShipmentProviderTests::DeleteAll_TestsCatchBlock_NOAsserts()</Name>
              <FileRef uid="31" />
              <SequencePoints>
                <SequencePoint vc="1" uspid="0" ordinal="0" offset="6" sl="194" sc="9" el="194" ec="10" bec="0" bev="0" fileid="31" url="B:\Udai\CakeCompanyPortal\Tests\CakeCompanyPortalUnitTests\Provider\ShipmentProviderTests.cs">
                  <BranchPoints />
                </SequencePoint>
                <SequencePoint vc="1" uspid="0" ordinal="1" offset="7" sl="196" sc="13" el="196" ec="70" bec="0" bev="0" fileid="31" url="B:\Udai\CakeCompanyPortal\Tests\CakeCompanyPortalUnitTests\Provider\ShipmentProviderTests.cs">
                  <BranchPoints />
                </SequencePoint>
                <SequencePoint vc="1" uspid="0" ordinal="2" offset="23" sl="197" sc="13" el="197" ec="113" bec="0" bev="0" fileid="31" url="B:\Udai\CakeCompanyPortal\Tests\CakeCompanyPortalUnitTests\Provider\ShipmentProviderTests.cs">
                  <BranchPoints />
                </SequencePoint>
                <SequencePoint vc="1" uspid="0" ordinal="3" offset="0" sl="197" sc="38" el="197" ec="71" bec="0" bev="0" fileid="31" url="B:\Udai\CakeCompanyPortal\Tests\CakeCompanyPortalUnitTests\Provider\ShipmentProviderTests.cs">
                  <BranchPoints />
                </SequencePoint>
                <SequencePoint vc="1" uspid="0" ordinal="4" offset="51" sl="198" sc="13" el="198" ec="67" bec="0" bev="0" fileid="31" url="B:\Udai\CakeCompanyPortal\Tests\CakeCompanyPortalUnitTests\Provider\ShipmentProviderTests.cs">
                  <BranchPoints />
                </SequencePoint>
                <SequencePoint vc="1" uspid="0" ordinal="5" offset="0" sl="198" sc="38" el="198" ec="52" bec="0" bev="0" fileid="31" url="B:\Udai\CakeCompanyPortal\Tests\CakeCompanyPortalUnitTests\Provider\ShipmentProviderTests.cs">
                  <BranchPoints />
                </SequencePoint>
                <SequencePoint vc="1" uspid="0" ordinal="6" offset="93" sl="201" sc="13" el="201" ec="42" bec="0" bev="0" fileid="31" url="B:\Udai\CakeCompanyPortal\Tests\CakeCompanyPortalUnitTests\Provider\ShipmentProviderTests.cs">
                  <BranchPoints />
                </SequencePoint>
                <SequencePoint vc="0" uspid="0" ordinal="7" offset="99" sl="202" sc="9" el="202" ec="10" bec="0" bev="0" fileid="31" url="B:\Udai\CakeCompanyPortal\Tests\CakeCompanyPortalUnitTests\Provider\ShipmentProviderTests.cs">
                  <BranchPoints />
                </SequencePoint>
              </SequencePoints>
              <BranchPoints />
              <MethodPoint vc="1" uspid="0" ordinal="0" offset="6" />
            </Method>
            <Method visited="true" cyclomaticComplexity="0" nPathComplexity="0" sequenceCoverage="100" branchCoverage="100" crapScore="0" isConstructor="false" isStatic="false" isGetter="false" isSetter="false">
              <Summary numSequencePoints="10" visitedSequencePoints="10" numBranchPoints="0" visitedBranchPoints="0" sequenceCoverage="100" branchCoverage="100" maxCyclomaticComplexity="0" minCyclomaticComplexity="0" maxCrapScore="0" minCrapScore="0" visitedClasses="0" numClasses="0" visitedMethods="0" numMethods="1" />
              <MetadataToken>100663319</MetadataToken>
              <Name>System.Void UnitTestCakeCompanyPortal.Provider.ShipmentProviderTests::DeleteAll_Test_NoAsserts()</Name>
              <FileRef uid="31" />
              <SequencePoints>
                <SequencePoint vc="1" uspid="0" ordinal="0" offset="6" sl="206" sc="9" el="206" ec="10" bec="0" bev="0" fileid="31" url="B:\Udai\CakeCompanyPortal\Tests\CakeCompanyPortalUnitTests\Provider\ShipmentProviderTests.cs">
                  <BranchPoints />
                </SequencePoint>
                <SequencePoint vc="1" uspid="0" ordinal="1" offset="7" sl="208" sc="13" el="208" ec="70" bec="0" bev="0" fileid="31" url="B:\Udai\CakeCompanyPortal\Tests\CakeCompanyPortalUnitTests\Provider\ShipmentProviderTests.cs">
                  <BranchPoints />
                </SequencePoint>
                <SequencePoint vc="1" uspid="0" ordinal="2" offset="23" sl="209" sc="13" el="209" ec="86" bec="0" bev="0" fileid="31" url="B:\Udai\CakeCompanyPortal\Tests\CakeCompanyPortalUnitTests\Provider\ShipmentProviderTests.cs">
                  <BranchPoints />
                </SequencePoint>
                <SequencePoint vc="1" uspid="0" ordinal="3" offset="0" sl="209" sc="38" el="209" ec="71" bec="0" bev="0" fileid="31" url="B:\Udai\CakeCompanyPortal\Tests\CakeCompanyPortalUnitTests\Provider\ShipmentProviderTests.cs">
                  <BranchPoints />
                </SequencePoint>
                <SequencePoint vc="1" uspid="0" ordinal="4" offset="46" sl="210" sc="13" el="210" ec="63" bec="0" bev="0" fileid="31" url="B:\Udai\CakeCompanyPortal\Tests\CakeCompanyPortalUnitTests\Provider\ShipmentProviderTests.cs">
                  <BranchPoints />
                </SequencePoint>
                <SequencePoint vc="1" uspid="0" ordinal="5" offset="0" sl="210" sc="38" el="210" ec="48" bec="0" bev="0" fileid="31" url="B:\Udai\CakeCompanyPortal\Tests\CakeCompanyPortalUnitTests\Provider\ShipmentProviderTests.cs">
                  <BranchPoints />
                </SequencePoint>
                <SequencePoint vc="1" uspid="0" ordinal="6" offset="69" sl="211" sc="13" el="211" ec="67" bec="0" bev="0" fileid="31" url="B:\Udai\CakeCompanyPortal\Tests\CakeCompanyPortalUnitTests\Provider\ShipmentProviderTests.cs">
                  <BranchPoints />
                </SequencePoint>
                <SequencePoint vc="1" uspid="0" ordinal="7" offset="0" sl="211" sc="38" el="211" ec="52" bec="0" bev="0" fileid="31" url="B:\Udai\CakeCompanyPortal\Tests\CakeCompanyPortalUnitTests\Provider\ShipmentProviderTests.cs">
                  <BranchPoints />
                </SequencePoint>
                <SequencePoint vc="1" uspid="0" ordinal="8" offset="111" sl="214" sc="13" el="214" ec="42" bec="0" bev="0" fileid="31" url="B:\Udai\CakeCompanyPortal\Tests\CakeCompanyPortalUnitTests\Provider\ShipmentProviderTests.cs">
                  <BranchPoints />
                </SequencePoint>
                <SequencePoint vc="1" uspid="0" ordinal="9" offset="117" sl="215" sc="9" el="215" ec="10" bec="0" bev="0" fileid="31" url="B:\Udai\CakeCompanyPortal\Tests\CakeCompanyPortalUnitTests\Provider\ShipmentProviderTests.cs">
                  <BranchPoints />
                </SequencePoint>
              </SequencePoints>
              <BranchPoints />
              <MethodPoint vc="1" uspid="0" ordinal="0" offset="6" />
            </Method>
            <Method visited="true" cyclomaticComplexity="0" nPathComplexity="0" sequenceCoverage="100" branchCoverage="100" crapScore="0" isConstructor="false" isStatic="false" isGetter="false" isSetter="false">
              <Summary numSequencePoints="4" visitedSequencePoints="4" numBranchPoints="0" visitedBranchPoints="0" sequenceCoverage="100" branchCoverage="100" maxCyclomaticComplexity="0" minCyclomaticComplexity="0" maxCrapScore="0" minCrapScore="0" visitedClasses="0" numClasses="0" visitedMethods="0" numMethods="1" />
              <MetadataToken>100663320</MetadataToken>
              <Name>System.Void UnitTestCakeCompanyPortal.Provider.ShipmentProviderTests::Setup_RunBeforeEachTest()</Name>
              <FileRef uid="31" />
              <SequencePoints>
                <SequencePoint vc="1" uspid="0" ordinal="0" offset="0" sl="240" sc="9" el="240" ec="10" bec="0" bev="0" fileid="31" url="B:\Udai\CakeCompanyPortal\Tests\CakeCompanyPortalUnitTests\Provider\ShipmentProviderTests.cs">
                  <BranchPoints />
                </SequencePoint>
                <SequencePoint vc="1" uspid="0" ordinal="1" offset="1" sl="241" sc="13" el="241" ec="40" bec="0" bev="0" fileid="31" url="B:\Udai\CakeCompanyPortal\Tests\CakeCompanyPortalUnitTests\Provider\ShipmentProviderTests.cs">
                  <BranchPoints />
                </SequencePoint>
                <SequencePoint vc="1" uspid="0" ordinal="2" offset="7" sl="242" sc="13" el="242" ec="47" bec="0" bev="0" fileid="31" url="B:\Udai\CakeCompanyPortal\Tests\CakeCompanyPortalUnitTests\Provider\ShipmentProviderTests.cs">
                  <BranchPoints />
                </SequencePoint>
                <SequencePoint vc="1" uspid="0" ordinal="3" offset="13" sl="243" sc="9" el="243" ec="10" bec="0" bev="0" fileid="31" url="B:\Udai\CakeCompanyPortal\Tests\CakeCompanyPortalUnitTests\Provider\ShipmentProviderTests.cs">
                  <BranchPoints />
                </SequencePoint>
              </SequencePoints>
              <BranchPoints />
              <MethodPoint vc="1" uspid="0" ordinal="0" offset="0" />
            </Method>
          </Methods>
        </Class>
      </Classes>
    </Module>
  </Modules>
</CoverageSession>